{"/home/runner/work/nuxt-memo-app/nuxt-memo-app/app.vue": {"path":"/home/runner/work/nuxt-memo-app/nuxt-memo-app/app.vue","all":true,"statementMap":{"2":{"start":{"line":3,"column":0},"end":{"line":3,"column":16}}},"s":{"2":0},"branchMap":{"0":{"type":"branch","line":1,"loc":{"start":{"line":1,"column":56},"end":{"line":5,"column":11}},"locations":[{"start":{"line":1,"column":56},"end":{"line":5,"column":11}}]}},"b":{"0":[1]},"fnMap":{"0":{"name":"(empty-report)","decl":{"start":{"line":1,"column":56},"end":{"line":5,"column":11}},"loc":{"start":{"line":1,"column":56},"end":{"line":5,"column":11}},"line":1}},"f":{"0":1}}
,"/home/runner/work/nuxt-memo-app/nuxt-memo-app/nuxt.config.ts": {"path":"/home/runner/work/nuxt-memo-app/nuxt-memo-app/nuxt.config.ts","all":true,"statementMap":{"1":{"start":{"line":2,"column":0},"end":{"line":2,"column":33}},"2":{"start":{"line":3,"column":0},"end":{"line":3,"column":34}},"3":{"start":{"line":4,"column":0},"end":{"line":4,"column":30}},"4":{"start":{"line":5,"column":0},"end":{"line":5,"column":35}},"5":{"start":{"line":6,"column":0},"end":{"line":6,"column":16}},"6":{"start":{"line":7,"column":0},"end":{"line":7,"column":23}},"7":{"start":{"line":8,"column":0},"end":{"line":8,"column":17}},"9":{"start":{"line":10,"column":0},"end":{"line":10,"column":4}},"10":{"start":{"line":11,"column":0},"end":{"line":11,"column":18}},"12":{"start":{"line":13,"column":0},"end":{"line":13,"column":45}},"14":{"start":{"line":15,"column":0},"end":{"line":15,"column":13}},"15":{"start":{"line":16,"column":0},"end":{"line":16,"column":45}},"16":{"start":{"line":17,"column":0},"end":{"line":17,"column":5}},"17":{"start":{"line":18,"column":0},"end":{"line":18,"column":4}},"18":{"start":{"line":19,"column":0},"end":{"line":19,"column":12}},"19":{"start":{"line":20,"column":0},"end":{"line":20,"column":30}},"20":{"start":{"line":21,"column":0},"end":{"line":21,"column":4}},"21":{"start":{"line":22,"column":0},"end":{"line":22,"column":2}}},"s":{"1":0,"2":0,"3":0,"4":0,"5":0,"6":0,"7":0,"9":0,"10":0,"12":0,"14":0,"15":0,"16":0,"17":0,"18":0,"19":0,"20":0,"21":0},"branchMap":{"0":{"type":"branch","line":1,"loc":{"start":{"line":1,"column":526},"end":{"line":22,"column":2}},"locations":[{"start":{"line":1,"column":526},"end":{"line":22,"column":2}}]}},"b":{"0":[1]},"fnMap":{"0":{"name":"(empty-report)","decl":{"start":{"line":1,"column":526},"end":{"line":22,"column":2}},"loc":{"start":{"line":1,"column":526},"end":{"line":22,"column":2}},"line":1}},"f":{"0":1}}
,"/home/runner/work/nuxt-memo-app/nuxt-memo-app/virtual:nuxt:%2Fhome%2Frunner%2Fwork%2Fnuxt-memo-app%2Fnuxt-memo-app%2F.nuxt%2Fapp.config.mjs": {"path":"/home/runner/work/nuxt-memo-app/nuxt-memo-app/virtual:nuxt:%2Fhome%2Frunner%2Fwork%2Fnuxt-memo-app%2Fnuxt-memo-app%2F.nuxt%2Fapp.config.mjs","all":false,"statementMap":{"0":{"start":{"line":1,"column":0},"end":{"line":1,"column":3447}}},"s":{"0":1},"branchMap":{"0":{"type":"branch","line":1,"loc":{"start":{"line":1,"column":0},"end":{"line":1,"column":3238}},"locations":[{"start":{"line":1,"column":0},"end":{"line":1,"column":3238}}]},"1":{"type":"branch","line":1,"loc":{"start":{"line":1,"column":0},"end":{"line":1,"column":3238}},"locations":[{"start":{"line":1,"column":0},"end":{"line":1,"column":3238}}]}},"b":{"0":[10],"1":[10]},"fnMap":{"0":{"name":"get","decl":{"start":{"line":1,"column":95},"end":{"line":1,"column":155}},"loc":{"start":{"line":1,"column":95},"end":{"line":1,"column":155}},"line":1}},"f":{"0":0}}
,"/home/runner/work/nuxt-memo-app/nuxt-memo-app/virtual:nuxt:%2Fhome%2Frunner%2Fwork%2Fnuxt-memo-app%2Fnuxt-memo-app%2F.nuxt%2Fcomponents.plugin.mjs": {"path":"/home/runner/work/nuxt-memo-app/nuxt-memo-app/virtual:nuxt:%2Fhome%2Frunner%2Fwork%2Fnuxt-memo-app%2Fnuxt-memo-app%2F.nuxt%2Fcomponents.plugin.mjs","all":false,"statementMap":{"0":{"start":{"line":1,"column":0},"end":{"line":1,"column":1310}}},"s":{"0":1},"branchMap":{"0":{"type":"branch","line":1,"loc":{"start":{"line":1,"column":0},"end":{"line":1,"column":1101}},"locations":[{"start":{"line":1,"column":0},"end":{"line":1,"column":1101}}]},"1":{"type":"branch","line":1,"loc":{"start":{"line":1,"column":0},"end":{"line":1,"column":1101}},"locations":[{"start":{"line":1,"column":0},"end":{"line":1,"column":1101}}]},"2":{"type":"branch","line":1,"loc":{"start":{"line":1,"column":95},"end":{"line":1,"column":155}},"locations":[{"start":{"line":1,"column":95},"end":{"line":1,"column":155}}]},"3":{"type":"branch","line":1,"loc":{"start":{"line":1,"column":145},"end":{"line":1,"column":153}},"locations":[{"start":{"line":1,"column":145},"end":{"line":1,"column":153}}]}},"b":{"0":[10],"1":[10],"2":[10],"3":[0]},"fnMap":{"0":{"name":"get","decl":{"start":{"line":1,"column":95},"end":{"line":1,"column":155}},"loc":{"start":{"line":1,"column":95},"end":{"line":1,"column":155}},"line":1}},"f":{"0":10}}
,"/home/runner/work/nuxt-memo-app/nuxt-memo-app/virtual:nuxt:%2Fhome%2Frunner%2Fwork%2Fnuxt-memo-app%2Fnuxt-memo-app%2F.nuxt%2Fcss.mjs": {"path":"/home/runner/work/nuxt-memo-app/nuxt-memo-app/virtual:nuxt:%2Fhome%2Frunner%2Fwork%2Fnuxt-memo-app%2Fnuxt-memo-app%2F.nuxt%2Fcss.mjs","all":false,"statementMap":{"0":{"start":{"line":1,"column":0},"end":{"line":1,"column":699}}},"s":{"0":1},"branchMap":{"0":{"type":"branch","line":1,"loc":{"start":{"line":1,"column":0},"end":{"line":1,"column":490}},"locations":[{"start":{"line":1,"column":0},"end":{"line":1,"column":490}}]},"1":{"type":"branch","line":1,"loc":{"start":{"line":1,"column":0},"end":{"line":1,"column":490}},"locations":[{"start":{"line":1,"column":0},"end":{"line":1,"column":490}}]}},"b":{"0":[10],"1":[10]},"fnMap":{},"f":{}}
,"/home/runner/work/nuxt-memo-app/nuxt-memo-app/virtual:nuxt:%2Fhome%2Frunner%2Fwork%2Fnuxt-memo-app%2Fnuxt-memo-app%2F.nuxt%2Ffetch.mjs": {"path":"/home/runner/work/nuxt-memo-app/nuxt-memo-app/virtual:nuxt:%2Fhome%2Frunner%2Fwork%2Fnuxt-memo-app%2Fnuxt-memo-app%2F.nuxt%2Ffetch.mjs","all":false,"statementMap":{"0":{"start":{"line":1,"column":0},"end":{"line":1,"column":1644}}},"s":{"0":1},"branchMap":{"0":{"type":"branch","line":1,"loc":{"start":{"line":1,"column":0},"end":{"line":1,"column":1435}},"locations":[{"start":{"line":1,"column":0},"end":{"line":1,"column":1435}}]},"1":{"type":"branch","line":1,"loc":{"start":{"line":1,"column":0},"end":{"line":1,"column":1435}},"locations":[{"start":{"line":1,"column":0},"end":{"line":1,"column":1435}}]},"2":{"type":"branch","line":1,"loc":{"start":{"line":1,"column":334},"end":{"line":1,"column":451}},"locations":[{"start":{"line":1,"column":334},"end":{"line":1,"column":451}}]}},"b":{"0":[10],"1":[10],"2":[0]},"fnMap":{},"f":{}}
,"/home/runner/work/nuxt-memo-app/nuxt-memo-app/virtual:nuxt:%2Fhome%2Frunner%2Fwork%2Fnuxt-memo-app%2Fnuxt-memo-app%2F.nuxt%2Fglobal-polyfills.mjs": {"path":"/home/runner/work/nuxt-memo-app/nuxt-memo-app/virtual:nuxt:%2Fhome%2Frunner%2Fwork%2Fnuxt-memo-app%2Fnuxt-memo-app%2F.nuxt%2Fglobal-polyfills.mjs","all":false,"statementMap":{"0":{"start":{"line":1,"column":0},"end":{"line":1,"column":898}}},"s":{"0":1},"branchMap":{"0":{"type":"branch","line":1,"loc":{"start":{"line":1,"column":0},"end":{"line":1,"column":689}},"locations":[{"start":{"line":1,"column":0},"end":{"line":1,"column":689}}]},"1":{"type":"branch","line":1,"loc":{"start":{"line":1,"column":0},"end":{"line":1,"column":689}},"locations":[{"start":{"line":1,"column":0},"end":{"line":1,"column":689}}]},"2":{"type":"branch","line":1,"loc":{"start":{"line":1,"column":32},"end":{"line":1,"column":69}},"locations":[{"start":{"line":1,"column":32},"end":{"line":1,"column":69}}]}},"b":{"0":[10],"1":[10],"2":[0]},"fnMap":{},"f":{}}
,"/home/runner/work/nuxt-memo-app/nuxt-memo-app/virtual:nuxt:%2Fhome%2Frunner%2Fwork%2Fnuxt-memo-app%2Fnuxt-memo-app%2F.nuxt%2Flayouts.mjs": {"path":"/home/runner/work/nuxt-memo-app/nuxt-memo-app/virtual:nuxt:%2Fhome%2Frunner%2Fwork%2Fnuxt-memo-app%2Fnuxt-memo-app%2F.nuxt%2Flayouts.mjs","all":false,"statementMap":{"0":{"start":{"line":1,"column":0},"end":{"line":1,"column":1014}}},"s":{"0":1},"branchMap":{"0":{"type":"branch","line":1,"loc":{"start":{"line":1,"column":0},"end":{"line":1,"column":805}},"locations":[{"start":{"line":1,"column":0},"end":{"line":1,"column":805}}]},"1":{"type":"branch","line":1,"loc":{"start":{"line":1,"column":0},"end":{"line":1,"column":805}},"locations":[{"start":{"line":1,"column":0},"end":{"line":1,"column":805}}]}},"b":{"0":[10],"1":[10]},"fnMap":{"0":{"name":"get","decl":{"start":{"line":1,"column":95},"end":{"line":1,"column":155}},"loc":{"start":{"line":1,"column":95},"end":{"line":1,"column":155}},"line":1}},"f":{"0":0}}
,"/home/runner/work/nuxt-memo-app/nuxt-memo-app/virtual:nuxt:%2Fhome%2Frunner%2Fwork%2Fnuxt-memo-app%2Fnuxt-memo-app%2F.nuxt%2Fmiddleware.mjs": {"path":"/home/runner/work/nuxt-memo-app/nuxt-memo-app/virtual:nuxt:%2Fhome%2Frunner%2Fwork%2Fnuxt-memo-app%2Fnuxt-memo-app%2F.nuxt%2Fmiddleware.mjs","all":false,"statementMap":{"0":{"start":{"line":1,"column":0},"end":{"line":1,"column":2115}}},"s":{"0":1},"branchMap":{"0":{"type":"branch","line":1,"loc":{"start":{"line":1,"column":0},"end":{"line":1,"column":1906}},"locations":[{"start":{"line":1,"column":0},"end":{"line":1,"column":1906}}]},"1":{"type":"branch","line":1,"loc":{"start":{"line":1,"column":0},"end":{"line":1,"column":1906}},"locations":[{"start":{"line":1,"column":0},"end":{"line":1,"column":1906}}]},"2":{"type":"branch","line":1,"loc":{"start":{"line":1,"column":104},"end":{"line":1,"column":153}},"locations":[{"start":{"line":1,"column":104},"end":{"line":1,"column":153}}]},"3":{"type":"branch","line":1,"loc":{"start":{"line":1,"column":143},"end":{"line":1,"column":151}},"locations":[{"start":{"line":1,"column":143},"end":{"line":1,"column":151}}]}},"b":{"0":[10],"1":[10],"2":[10],"3":[0]},"fnMap":{"0":{"name":"get","decl":{"start":{"line":1,"column":104},"end":{"line":1,"column":153}},"loc":{"start":{"line":1,"column":104},"end":{"line":1,"column":153}},"line":1},"1":{"name":"get","decl":{"start":{"line":1,"column":260},"end":{"line":1,"column":308}},"loc":{"start":{"line":1,"column":260},"end":{"line":1,"column":308}},"line":1}},"f":{"0":10,"1":0}}
,"/home/runner/work/nuxt-memo-app/nuxt-memo-app/virtual:nuxt:%2Fhome%2Frunner%2Fwork%2Fnuxt-memo-app%2Fnuxt-memo-app%2F.nuxt%2Fnitro.client.mjs": {"path":"/home/runner/work/nuxt-memo-app/nuxt-memo-app/virtual:nuxt:%2Fhome%2Frunner%2Fwork%2Fnuxt-memo-app%2Fnuxt-memo-app%2F.nuxt%2Fnitro.client.mjs","all":false,"statementMap":{"0":{"start":{"line":1,"column":0},"end":{"line":1,"column":1024}}},"s":{"0":1},"branchMap":{"0":{"type":"branch","line":1,"loc":{"start":{"line":1,"column":0},"end":{"line":1,"column":815}},"locations":[{"start":{"line":1,"column":0},"end":{"line":1,"column":815}}]},"1":{"type":"branch","line":1,"loc":{"start":{"line":1,"column":0},"end":{"line":1,"column":815}},"locations":[{"start":{"line":1,"column":0},"end":{"line":1,"column":815}}]},"2":{"type":"branch","line":1,"loc":{"start":{"line":1,"column":104},"end":{"line":1,"column":153}},"locations":[{"start":{"line":1,"column":104},"end":{"line":1,"column":153}}]},"3":{"type":"branch","line":1,"loc":{"start":{"line":1,"column":143},"end":{"line":1,"column":151}},"locations":[{"start":{"line":1,"column":143},"end":{"line":1,"column":151}}]},"4":{"type":"branch","line":1,"loc":{"start":{"line":1,"column":182},"end":{"line":1,"column":219}},"locations":[{"start":{"line":1,"column":182},"end":{"line":1,"column":219}}]},"5":{"type":"branch","line":1,"loc":{"start":{"line":1,"column":214},"end":{"line":1,"column":219}},"locations":[{"start":{"line":1,"column":214},"end":{"line":1,"column":219}}]}},"b":{"0":[10],"1":[10],"2":[20],"3":[0],"4":[20],"5":[0]},"fnMap":{"0":{"name":"get","decl":{"start":{"line":1,"column":104},"end":{"line":1,"column":153}},"loc":{"start":{"line":1,"column":104},"end":{"line":1,"column":153}},"line":1},"1":{"name":"useRuntimeConfig","decl":{"start":{"line":1,"column":182},"end":{"line":1,"column":219}},"loc":{"start":{"line":1,"column":182},"end":{"line":1,"column":219}},"line":1}},"f":{"0":20,"1":20}}
,"/home/runner/work/nuxt-memo-app/nuxt-memo-app/virtual:nuxt:%2Fhome%2Frunner%2Fwork%2Fnuxt-memo-app%2Fnuxt-memo-app%2F.nuxt%2Fnuxt.config.mjs": {"path":"/home/runner/work/nuxt-memo-app/nuxt-memo-app/virtual:nuxt:%2Fhome%2Frunner%2Fwork%2Fnuxt-memo-app%2Fnuxt-memo-app%2F.nuxt%2Fnuxt.config.mjs","all":false,"statementMap":{"0":{"start":{"line":1,"column":0},"end":{"line":1,"column":15020}}},"s":{"0":2},"branchMap":{"0":{"type":"branch","line":1,"loc":{"start":{"line":1,"column":0},"end":{"line":1,"column":14811}},"locations":[{"start":{"line":1,"column":0},"end":{"line":1,"column":14811}}]},"1":{"type":"branch","line":1,"loc":{"start":{"line":1,"column":3004},"end":{"line":1,"column":3048}},"locations":[{"start":{"line":1,"column":3004},"end":{"line":1,"column":3048}}]},"2":{"type":"branch","line":1,"loc":{"start":{"line":1,"column":3038},"end":{"line":1,"column":3046}},"locations":[{"start":{"line":1,"column":3038},"end":{"line":1,"column":3046}}]},"3":{"type":"branch","line":1,"loc":{"start":{"line":1,"column":2534},"end":{"line":1,"column":2585}},"locations":[{"start":{"line":1,"column":2534},"end":{"line":1,"column":2585}}]},"4":{"type":"branch","line":1,"loc":{"start":{"line":1,"column":2575},"end":{"line":1,"column":2583}},"locations":[{"start":{"line":1,"column":2575},"end":{"line":1,"column":2583}}]},"5":{"type":"branch","line":1,"loc":{"start":{"line":1,"column":2693},"end":{"line":1,"column":2742}},"locations":[{"start":{"line":1,"column":2693},"end":{"line":1,"column":2742}}]},"6":{"type":"branch","line":1,"loc":{"start":{"line":1,"column":2732},"end":{"line":1,"column":2740}},"locations":[{"start":{"line":1,"column":2732},"end":{"line":1,"column":2740}}]},"7":{"type":"branch","line":1,"loc":{"start":{"line":1,"column":3151},"end":{"line":1,"column":3195}},"locations":[{"start":{"line":1,"column":3151},"end":{"line":1,"column":3195}}]},"8":{"type":"branch","line":1,"loc":{"start":{"line":1,"column":3185},"end":{"line":1,"column":3193}},"locations":[{"start":{"line":1,"column":3185},"end":{"line":1,"column":3193}}]},"9":{"type":"branch","line":1,"loc":{"start":{"line":1,"column":4058},"end":{"line":1,"column":4107}},"locations":[{"start":{"line":1,"column":4058},"end":{"line":1,"column":4107}}]},"10":{"type":"branch","line":1,"loc":{"start":{"line":1,"column":4097},"end":{"line":1,"column":4105}},"locations":[{"start":{"line":1,"column":4097},"end":{"line":1,"column":4105}}]},"11":{"type":"branch","line":1,"loc":{"start":{"line":1,"column":4870},"end":{"line":1,"column":4922}},"locations":[{"start":{"line":1,"column":4870},"end":{"line":1,"column":4922}}]},"12":{"type":"branch","line":1,"loc":{"start":{"line":1,"column":4912},"end":{"line":1,"column":4920}},"locations":[{"start":{"line":1,"column":4912},"end":{"line":1,"column":4920}}]},"13":{"type":"branch","line":1,"loc":{"start":{"line":1,"column":5172},"end":{"line":1,"column":5210}},"locations":[{"start":{"line":1,"column":5172},"end":{"line":1,"column":5210}}]},"14":{"type":"branch","line":1,"loc":{"start":{"line":1,"column":5200},"end":{"line":1,"column":5208}},"locations":[{"start":{"line":1,"column":5200},"end":{"line":1,"column":5208}}]},"15":{"type":"branch","line":1,"loc":{"start":{"line":1,"column":5323},"end":{"line":1,"column":5377}},"locations":[{"start":{"line":1,"column":5323},"end":{"line":1,"column":5377}}]},"16":{"type":"branch","line":1,"loc":{"start":{"line":1,"column":5367},"end":{"line":1,"column":5375}},"locations":[{"start":{"line":1,"column":5367},"end":{"line":1,"column":5375}}]},"17":{"type":"branch","line":1,"loc":{"start":{"line":1,"column":5477},"end":{"line":1,"column":5518}},"locations":[{"start":{"line":1,"column":5477},"end":{"line":1,"column":5518}}]},"18":{"type":"branch","line":1,"loc":{"start":{"line":1,"column":5508},"end":{"line":1,"column":5516}},"locations":[{"start":{"line":1,"column":5508},"end":{"line":1,"column":5516}}]},"19":{"type":"branch","line":1,"loc":{"start":{"line":1,"column":5625},"end":{"line":1,"column":5673}},"locations":[{"start":{"line":1,"column":5625},"end":{"line":1,"column":5673}}]},"20":{"type":"branch","line":1,"loc":{"start":{"line":1,"column":5663},"end":{"line":1,"column":5671}},"locations":[{"start":{"line":1,"column":5663},"end":{"line":1,"column":5671}}]},"21":{"type":"branch","line":1,"loc":{"start":{"line":1,"column":5935},"end":{"line":1,"column":5993}},"locations":[{"start":{"line":1,"column":5935},"end":{"line":1,"column":5993}}]},"22":{"type":"branch","line":1,"loc":{"start":{"line":1,"column":5983},"end":{"line":1,"column":5991}},"locations":[{"start":{"line":1,"column":5983},"end":{"line":1,"column":5991}}]}},"b":{"0":[12],"1":[12],"2":[0],"3":[11],"4":[1],"5":[11],"6":[1],"7":[51],"8":[1],"9":[11],"10":[1],"11":[11],"12":[1],"13":[231],"14":[1],"15":[11],"16":[1],"17":[31],"18":[1],"19":[21],"20":[1],"21":[11],"22":[1]},"fnMap":{"0":{"name":"get","decl":{"start":{"line":1,"column":98},"end":{"line":1,"column":141}},"loc":{"start":{"line":1,"column":98},"end":{"line":1,"column":141}},"line":1},"1":{"name":"get","decl":{"start":{"line":1,"column":250},"end":{"line":1,"column":300}},"loc":{"start":{"line":1,"column":250},"end":{"line":1,"column":300}},"line":1},"2":{"name":"get","decl":{"start":{"line":1,"column":401},"end":{"line":1,"column":443}},"loc":{"start":{"line":1,"column":401},"end":{"line":1,"column":443}},"line":1},"3":{"name":"get","decl":{"start":{"line":1,"column":542},"end":{"line":1,"column":582}},"loc":{"start":{"line":1,"column":542},"end":{"line":1,"column":582}},"line":1},"4":{"name":"get","decl":{"start":{"line":1,"column":693},"end":{"line":1,"column":745}},"loc":{"start":{"line":1,"column":693},"end":{"line":1,"column":745}},"line":1},"5":{"name":"get","decl":{"start":{"line":1,"column":854},"end":{"line":1,"column":904}},"loc":{"start":{"line":1,"column":854},"end":{"line":1,"column":904}},"line":1},"6":{"name":"get","decl":{"start":{"line":1,"column":1013},"end":{"line":1,"column":1063}},"loc":{"start":{"line":1,"column":1013},"end":{"line":1,"column":1063}},"line":1},"7":{"name":"get","decl":{"start":{"line":1,"column":1167},"end":{"line":1,"column":1212}},"loc":{"start":{"line":1,"column":1167},"end":{"line":1,"column":1212}},"line":1},"8":{"name":"get","decl":{"start":{"line":1,"column":1313},"end":{"line":1,"column":1355}},"loc":{"start":{"line":1,"column":1313},"end":{"line":1,"column":1355}},"line":1},"9":{"name":"get","decl":{"start":{"line":1,"column":1457},"end":{"line":1,"column":1500}},"loc":{"start":{"line":1,"column":1457},"end":{"line":1,"column":1500}},"line":1},"10":{"name":"get","decl":{"start":{"line":1,"column":1604},"end":{"line":1,"column":1649}},"loc":{"start":{"line":1,"column":1604},"end":{"line":1,"column":1649}},"line":1},"11":{"name":"get","decl":{"start":{"line":1,"column":1755},"end":{"line":1,"column":1802}},"loc":{"start":{"line":1,"column":1755},"end":{"line":1,"column":1802}},"line":1},"12":{"name":"get","decl":{"start":{"line":1,"column":1907},"end":{"line":1,"column":1953}},"loc":{"start":{"line":1,"column":1907},"end":{"line":1,"column":1953}},"line":1},"13":{"name":"get","decl":{"start":{"line":1,"column":2061},"end":{"line":1,"column":2110}},"loc":{"start":{"line":1,"column":2061},"end":{"line":1,"column":2110}},"line":1},"14":{"name":"get","decl":{"start":{"line":1,"column":2217},"end":{"line":1,"column":2265}},"loc":{"start":{"line":1,"column":2217},"end":{"line":1,"column":2265}},"line":1},"15":{"name":"get","decl":{"start":{"line":1,"column":2374},"end":{"line":1,"column":2424}},"loc":{"start":{"line":1,"column":2374},"end":{"line":1,"column":2424}},"line":1},"16":{"name":"get","decl":{"start":{"line":1,"column":2534},"end":{"line":1,"column":2585}},"loc":{"start":{"line":1,"column":2534},"end":{"line":1,"column":2585}},"line":1},"17":{"name":"get","decl":{"start":{"line":1,"column":2693},"end":{"line":1,"column":2742}},"loc":{"start":{"line":1,"column":2693},"end":{"line":1,"column":2742}},"line":1},"18":{"name":"get","decl":{"start":{"line":1,"column":2851},"end":{"line":1,"column":2901}},"loc":{"start":{"line":1,"column":2851},"end":{"line":1,"column":2901}},"line":1},"19":{"name":"get","decl":{"start":{"line":1,"column":3004},"end":{"line":1,"column":3048}},"loc":{"start":{"line":1,"column":3004},"end":{"line":1,"column":3048}},"line":1},"20":{"name":"get","decl":{"start":{"line":1,"column":3151},"end":{"line":1,"column":3195}},"loc":{"start":{"line":1,"column":3151},"end":{"line":1,"column":3195}},"line":1},"21":{"name":"get","decl":{"start":{"line":1,"column":3309},"end":{"line":1,"column":3364}},"loc":{"start":{"line":1,"column":3309},"end":{"line":1,"column":3364}},"line":1},"22":{"name":"get","decl":{"start":{"line":1,"column":3471},"end":{"line":1,"column":3519}},"loc":{"start":{"line":1,"column":3471},"end":{"line":1,"column":3519}},"line":1},"23":{"name":"get","decl":{"start":{"line":1,"column":3622},"end":{"line":1,"column":3666}},"loc":{"start":{"line":1,"column":3622},"end":{"line":1,"column":3666}},"line":1},"24":{"name":"get","decl":{"start":{"line":1,"column":3768},"end":{"line":1,"column":3811}},"loc":{"start":{"line":1,"column":3768},"end":{"line":1,"column":3811}},"line":1},"25":{"name":"get","decl":{"start":{"line":1,"column":3910},"end":{"line":1,"column":3950}},"loc":{"start":{"line":1,"column":3910},"end":{"line":1,"column":3950}},"line":1},"26":{"name":"get","decl":{"start":{"line":1,"column":4058},"end":{"line":1,"column":4107}},"loc":{"start":{"line":1,"column":4058},"end":{"line":1,"column":4107}},"line":1},"27":{"name":"get","decl":{"start":{"line":1,"column":4216},"end":{"line":1,"column":4266}},"loc":{"start":{"line":1,"column":4216},"end":{"line":1,"column":4266}},"line":1},"28":{"name":"get","decl":{"start":{"line":1,"column":4383},"end":{"line":1,"column":4441}},"loc":{"start":{"line":1,"column":4383},"end":{"line":1,"column":4441}},"line":1},"29":{"name":"get","decl":{"start":{"line":1,"column":4554},"end":{"line":1,"column":4608}},"loc":{"start":{"line":1,"column":4554},"end":{"line":1,"column":4608}},"line":1},"30":{"name":"get","decl":{"start":{"line":1,"column":4713},"end":{"line":1,"column":4759}},"loc":{"start":{"line":1,"column":4713},"end":{"line":1,"column":4759}},"line":1},"31":{"name":"get","decl":{"start":{"line":1,"column":4870},"end":{"line":1,"column":4922}},"loc":{"start":{"line":1,"column":4870},"end":{"line":1,"column":4922}},"line":1},"32":{"name":"get","decl":{"start":{"line":1,"column":5028},"end":{"line":1,"column":5075}},"loc":{"start":{"line":1,"column":5028},"end":{"line":1,"column":5075}},"line":1},"33":{"name":"get","decl":{"start":{"line":1,"column":5172},"end":{"line":1,"column":5210}},"loc":{"start":{"line":1,"column":5172},"end":{"line":1,"column":5210}},"line":1},"34":{"name":"get","decl":{"start":{"line":1,"column":5323},"end":{"line":1,"column":5377}},"loc":{"start":{"line":1,"column":5323},"end":{"line":1,"column":5377}},"line":1},"35":{"name":"get","decl":{"start":{"line":1,"column":5477},"end":{"line":1,"column":5518}},"loc":{"start":{"line":1,"column":5477},"end":{"line":1,"column":5518}},"line":1},"36":{"name":"get","decl":{"start":{"line":1,"column":5625},"end":{"line":1,"column":5673}},"loc":{"start":{"line":1,"column":5625},"end":{"line":1,"column":5673}},"line":1},"37":{"name":"get","decl":{"start":{"line":1,"column":5775},"end":{"line":1,"column":5818}},"loc":{"start":{"line":1,"column":5775},"end":{"line":1,"column":5818}},"line":1},"38":{"name":"get","decl":{"start":{"line":1,"column":5935},"end":{"line":1,"column":5993}},"loc":{"start":{"line":1,"column":5935},"end":{"line":1,"column":5993}},"line":1},"39":{"name":"get","decl":{"start":{"line":1,"column":6100},"end":{"line":1,"column":6148}},"loc":{"start":{"line":1,"column":6100},"end":{"line":1,"column":6148}},"line":1},"40":{"name":"get","decl":{"start":{"line":1,"column":6258},"end":{"line":1,"column":6309}},"loc":{"start":{"line":1,"column":6258},"end":{"line":1,"column":6309}},"line":1},"41":{"name":"get","decl":{"start":{"line":1,"column":6416},"end":{"line":1,"column":6464}},"loc":{"start":{"line":1,"column":6416},"end":{"line":1,"column":6464}},"line":1},"42":{"name":"get","decl":{"start":{"line":1,"column":6581},"end":{"line":1,"column":6639}},"loc":{"start":{"line":1,"column":6581},"end":{"line":1,"column":6639}},"line":1}},"f":{"0":0,"1":0,"2":0,"3":0,"4":0,"5":0,"6":0,"7":0,"8":0,"9":0,"10":0,"11":0,"12":0,"13":0,"14":0,"15":0,"16":10,"17":10,"18":0,"19":12,"20":50,"21":0,"22":0,"23":0,"24":0,"25":0,"26":10,"27":0,"28":0,"29":0,"30":0,"31":10,"32":0,"33":230,"34":10,"35":30,"36":20,"37":0,"38":10,"39":0,"40":0,"41":0,"42":0}}
,"/home/runner/work/nuxt-memo-app/nuxt-memo-app/virtual:nuxt:%2Fhome%2Frunner%2Fwork%2Fnuxt-memo-app%2Fnuxt-memo-app%2F.nuxt%2Fpages.mjs": {"path":"/home/runner/work/nuxt-memo-app/nuxt-memo-app/virtual:nuxt:%2Fhome%2Frunner%2Fwork%2Fnuxt-memo-app%2Fnuxt-memo-app%2F.nuxt%2Fpages.mjs","all":false,"statementMap":{"0":{"start":{"line":1,"column":0},"end":{"line":1,"column":1161}}},"s":{"0":1},"branchMap":{"0":{"type":"branch","line":1,"loc":{"start":{"line":1,"column":0},"end":{"line":1,"column":952}},"locations":[{"start":{"line":1,"column":0},"end":{"line":1,"column":952}}]},"1":{"type":"branch","line":1,"loc":{"start":{"line":1,"column":0},"end":{"line":1,"column":952}},"locations":[{"start":{"line":1,"column":0},"end":{"line":1,"column":952}}]}},"b":{"0":[10],"1":[10]},"fnMap":{"0":{"name":"get","decl":{"start":{"line":1,"column":102},"end":{"line":1,"column":171}},"loc":{"start":{"line":1,"column":102},"end":{"line":1,"column":171}},"line":1},"1":{"name":"get","decl":{"start":{"line":1,"column":271},"end":{"line":1,"column":334}},"loc":{"start":{"line":1,"column":271},"end":{"line":1,"column":334}},"line":1}},"f":{"0":0,"1":0}}
,"/home/runner/work/nuxt-memo-app/nuxt-memo-app/virtual:nuxt:%2Fhome%2Frunner%2Fwork%2Fnuxt-memo-app%2Fnuxt-memo-app%2F.nuxt%2Fpaths.mjs": {"path":"/home/runner/work/nuxt-memo-app/nuxt-memo-app/virtual:nuxt:%2Fhome%2Frunner%2Fwork%2Fnuxt-memo-app%2Fnuxt-memo-app%2F.nuxt%2Fpaths.mjs","all":false,"statementMap":{"0":{"start":{"line":1,"column":0},"end":{"line":1,"column":4473}}},"s":{"0":1},"branchMap":{"0":{"type":"branch","line":1,"loc":{"start":{"line":1,"column":0},"end":{"line":1,"column":4264}},"locations":[{"start":{"line":1,"column":0},"end":{"line":1,"column":4264}}]},"1":{"type":"branch","line":1,"loc":{"start":{"line":1,"column":0},"end":{"line":1,"column":4264}},"locations":[{"start":{"line":1,"column":0},"end":{"line":1,"column":4264}}]},"2":{"type":"branch","line":1,"loc":{"start":{"line":1,"column":394},"end":{"line":1,"column":441}},"locations":[{"start":{"line":1,"column":394},"end":{"line":1,"column":441}}]},"3":{"type":"branch","line":1,"loc":{"start":{"line":1,"column":431},"end":{"line":1,"column":439}},"locations":[{"start":{"line":1,"column":431},"end":{"line":1,"column":439}}]},"4":{"type":"branch","line":1,"loc":{"start":{"line":1,"column":954},"end":{"line":1,"column":1008}},"locations":[{"start":{"line":1,"column":954},"end":{"line":1,"column":1008}}]},"5":{"type":"branch","line":1,"loc":{"start":{"line":1,"column":1079},"end":{"line":1,"column":1114}},"locations":[{"start":{"line":1,"column":1079},"end":{"line":1,"column":1114}}]},"6":{"type":"branch","line":1,"loc":{"start":{"line":1,"column":1139},"end":{"line":1,"column":1239}},"locations":[{"start":{"line":1,"column":1139},"end":{"line":1,"column":1239}}]},"7":{"type":"branch","line":1,"loc":{"start":{"line":1,"column":1265},"end":{"line":1,"column":1476}},"locations":[{"start":{"line":1,"column":1265},"end":{"line":1,"column":1476}}]},"8":{"type":"branch","line":1,"loc":{"start":{"line":1,"column":1397},"end":{"line":1,"column":1461}},"locations":[{"start":{"line":1,"column":1397},"end":{"line":1,"column":1461}}]}},"b":{"0":[10],"1":[10],"2":[10],"3":[0],"4":[20],"5":[10],"6":[10],"7":[10],"8":[0]},"fnMap":{"0":{"name":"get","decl":{"start":{"line":1,"column":95},"end":{"line":1,"column":135}},"loc":{"start":{"line":1,"column":95},"end":{"line":1,"column":135}},"line":1},"1":{"name":"get","decl":{"start":{"line":1,"column":241},"end":{"line":1,"column":288}},"loc":{"start":{"line":1,"column":241},"end":{"line":1,"column":288}},"line":1},"2":{"name":"get","decl":{"start":{"line":1,"column":394},"end":{"line":1,"column":441}},"loc":{"start":{"line":1,"column":394},"end":{"line":1,"column":441}},"line":1},"3":{"name":"get","decl":{"start":{"line":1,"column":548},"end":{"line":1,"column":596}},"loc":{"start":{"line":1,"column":548},"end":{"line":1,"column":596}},"line":1},"4":{"name":"getAppConfig","decl":{"start":{"line":1,"column":954},"end":{"line":1,"column":1008}},"loc":{"start":{"line":1,"column":954},"end":{"line":1,"column":1008}},"line":1},"5":{"name":"baseURL","decl":{"start":{"line":1,"column":1026},"end":{"line":1,"column":1054}},"loc":{"start":{"line":1,"column":1026},"end":{"line":1,"column":1054}},"line":1},"6":{"name":"buildAssetsDir","decl":{"start":{"line":1,"column":1079},"end":{"line":1,"column":1114}},"loc":{"start":{"line":1,"column":1079},"end":{"line":1,"column":1114}},"line":1},"7":{"name":"buildAssetsURL","decl":{"start":{"line":1,"column":1139},"end":{"line":1,"column":1239}},"loc":{"start":{"line":1,"column":1139},"end":{"line":1,"column":1239}},"line":1},"8":{"name":"publicAssetsURL","decl":{"start":{"line":1,"column":1265},"end":{"line":1,"column":1476}},"loc":{"start":{"line":1,"column":1265},"end":{"line":1,"column":1476}},"line":1}},"f":{"0":0,"1":0,"2":10,"3":0,"4":20,"5":0,"6":10,"7":10,"8":10}}
,"/home/runner/work/nuxt-memo-app/nuxt-memo-app/virtual:nuxt:%2Fhome%2Frunner%2Fwork%2Fnuxt-memo-app%2Fnuxt-memo-app%2F.nuxt%2Fplugins.client.mjs": {"path":"/home/runner/work/nuxt-memo-app/nuxt-memo-app/virtual:nuxt:%2Fhome%2Frunner%2Fwork%2Fnuxt-memo-app%2Fnuxt-memo-app%2F.nuxt%2Fplugins.client.mjs","all":false,"statementMap":{"0":{"start":{"line":1,"column":0},"end":{"line":1,"column":6114}}},"s":{"0":1},"branchMap":{"0":{"type":"branch","line":1,"loc":{"start":{"line":1,"column":0},"end":{"line":1,"column":5905}},"locations":[{"start":{"line":1,"column":0},"end":{"line":1,"column":5905}}]},"1":{"type":"branch","line":1,"loc":{"start":{"line":1,"column":0},"end":{"line":1,"column":5905}},"locations":[{"start":{"line":1,"column":0},"end":{"line":1,"column":5905}}]},"2":{"type":"branch","line":1,"loc":{"start":{"line":1,"column":95},"end":{"line":1,"column":155}},"locations":[{"start":{"line":1,"column":95},"end":{"line":1,"column":155}}]},"3":{"type":"branch","line":1,"loc":{"start":{"line":1,"column":145},"end":{"line":1,"column":153}},"locations":[{"start":{"line":1,"column":145},"end":{"line":1,"column":153}}]}},"b":{"0":[10],"1":[10],"2":[10],"3":[0]},"fnMap":{"0":{"name":"get","decl":{"start":{"line":1,"column":95},"end":{"line":1,"column":155}},"loc":{"start":{"line":1,"column":95},"end":{"line":1,"column":155}},"line":1}},"f":{"0":10}}
,"/home/runner/work/nuxt-memo-app/nuxt-memo-app/virtual:nuxt:%2Fhome%2Frunner%2Fwork%2Fnuxt-memo-app%2Fnuxt-memo-app%2F.nuxt%2Frouter.options.mjs": {"path":"/home/runner/work/nuxt-memo-app/nuxt-memo-app/virtual:nuxt:%2Fhome%2Frunner%2Fwork%2Fnuxt-memo-app%2Fnuxt-memo-app%2F.nuxt%2Frouter.options.mjs","all":false,"statementMap":{"0":{"start":{"line":1,"column":0},"end":{"line":1,"column":1874}}},"s":{"0":1},"branchMap":{"0":{"type":"branch","line":1,"loc":{"start":{"line":1,"column":0},"end":{"line":1,"column":1665}},"locations":[{"start":{"line":1,"column":0},"end":{"line":1,"column":1665}}]},"1":{"type":"branch","line":1,"loc":{"start":{"line":1,"column":0},"end":{"line":1,"column":1665}},"locations":[{"start":{"line":1,"column":0},"end":{"line":1,"column":1665}}]},"2":{"type":"branch","line":1,"loc":{"start":{"line":1,"column":96},"end":{"line":1,"column":137}},"locations":[{"start":{"line":1,"column":96},"end":{"line":1,"column":137}}]},"3":{"type":"branch","line":1,"loc":{"start":{"line":1,"column":127},"end":{"line":1,"column":135}},"locations":[{"start":{"line":1,"column":127},"end":{"line":1,"column":135}}]},"4":{"type":"branch","line":1,"loc":{"start":{"line":1,"column":236},"end":{"line":1,"column":296}},"locations":[{"start":{"line":1,"column":236},"end":{"line":1,"column":296}}]},"5":{"type":"branch","line":1,"loc":{"start":{"line":1,"column":286},"end":{"line":1,"column":294}},"locations":[{"start":{"line":1,"column":286},"end":{"line":1,"column":294}}]}},"b":{"0":[10],"1":[10],"2":[20],"3":[0],"4":[80],"5":[0]},"fnMap":{"0":{"name":"get","decl":{"start":{"line":1,"column":96},"end":{"line":1,"column":137}},"loc":{"start":{"line":1,"column":96},"end":{"line":1,"column":137}},"line":1},"1":{"name":"get","decl":{"start":{"line":1,"column":236},"end":{"line":1,"column":296}},"loc":{"start":{"line":1,"column":236},"end":{"line":1,"column":296}},"line":1}},"f":{"0":20,"1":80}}
,"/home/runner/work/nuxt-memo-app/nuxt-memo-app/virtual:nuxt:%2Fhome%2Frunner%2Fwork%2Fnuxt-memo-app%2Fnuxt-memo-app%2F.nuxt%2Froutes.mjs": {"path":"/home/runner/work/nuxt-memo-app/nuxt-memo-app/virtual:nuxt:%2Fhome%2Frunner%2Fwork%2Fnuxt-memo-app%2Fnuxt-memo-app%2F.nuxt%2Froutes.mjs","all":false,"statementMap":{"0":{"start":{"line":1,"column":0},"end":{"line":1,"column":14677}}},"s":{"0":1},"branchMap":{"0":{"type":"branch","line":1,"loc":{"start":{"line":1,"column":0},"end":{"line":1,"column":14468}},"locations":[{"start":{"line":1,"column":0},"end":{"line":1,"column":14468}}]},"1":{"type":"branch","line":1,"loc":{"start":{"line":1,"column":0},"end":{"line":1,"column":14468}},"locations":[{"start":{"line":1,"column":0},"end":{"line":1,"column":14468}}]},"2":{"type":"branch","line":1,"loc":{"start":{"line":1,"column":103},"end":{"line":1,"column":151}},"locations":[{"start":{"line":1,"column":103},"end":{"line":1,"column":151}}]},"3":{"type":"branch","line":1,"loc":{"start":{"line":1,"column":141},"end":{"line":1,"column":149}},"locations":[{"start":{"line":1,"column":141},"end":{"line":1,"column":149}}]},"4":{"type":"branch","line":1,"loc":{"start":{"line":1,"column":250},"end":{"line":1,"column":310}},"locations":[{"start":{"line":1,"column":250},"end":{"line":1,"column":310}}]},"5":{"type":"branch","line":1,"loc":{"start":{"line":1,"column":300},"end":{"line":1,"column":308}},"locations":[{"start":{"line":1,"column":300},"end":{"line":1,"column":308}}]},"6":{"type":"branch","line":1,"loc":{"start":{"line":1,"column":2375},"end":{"line":1,"column":2644}},"locations":[{"start":{"line":1,"column":2375},"end":{"line":1,"column":2644}}]},"7":{"type":"branch","line":1,"loc":{"start":{"line":1,"column":2859},"end":{"line":1,"column":2912}},"locations":[{"start":{"line":1,"column":2859},"end":{"line":1,"column":2912}}]}},"b":{"0":[10],"1":[10],"2":[10],"3":[0],"4":[10],"5":[0],"6":[10],"7":[10]},"fnMap":{"0":{"name":"get","decl":{"start":{"line":1,"column":103},"end":{"line":1,"column":151}},"loc":{"start":{"line":1,"column":103},"end":{"line":1,"column":151}},"line":1},"1":{"name":"get","decl":{"start":{"line":1,"column":250},"end":{"line":1,"column":310}},"loc":{"start":{"line":1,"column":250},"end":{"line":1,"column":310}},"line":1},"2":{"name":"handleHotUpdate","decl":{"start":{"line":1,"column":2375},"end":{"line":1,"column":2644}},"loc":{"start":{"line":1,"column":2375},"end":{"line":1,"column":2644}},"line":1},"3":{"name":"component","decl":{"start":{"line":1,"column":2748},"end":{"line":1,"column":2800}},"loc":{"start":{"line":1,"column":2748},"end":{"line":1,"column":2800}},"line":1},"4":{"name":"component","decl":{"start":{"line":1,"column":2859},"end":{"line":1,"column":2912}},"loc":{"start":{"line":1,"column":2859},"end":{"line":1,"column":2912}},"line":1},"5":{"name":"component","decl":{"start":{"line":1,"column":2976},"end":{"line":1,"column":3029}},"loc":{"start":{"line":1,"column":2976},"end":{"line":1,"column":3029}},"line":1},"6":{"name":"component","decl":{"start":{"line":1,"column":3095},"end":{"line":1,"column":3149}},"loc":{"start":{"line":1,"column":3095},"end":{"line":1,"column":3149}},"line":1},"7":{"name":"component","decl":{"start":{"line":1,"column":3217},"end":{"line":1,"column":3275}},"loc":{"start":{"line":1,"column":3217},"end":{"line":1,"column":3275}},"line":1},"8":{"name":"component","decl":{"start":{"line":1,"column":3355},"end":{"line":1,"column":3416}},"loc":{"start":{"line":1,"column":3355},"end":{"line":1,"column":3416}},"line":1},"9":{"name":"component","decl":{"start":{"line":1,"column":3500},"end":{"line":1,"column":3569}},"loc":{"start":{"line":1,"column":3500},"end":{"line":1,"column":3569}},"line":1},"10":{"name":"component","decl":{"start":{"line":1,"column":3678},"end":{"line":1,"column":3754}},"loc":{"start":{"line":1,"column":3678},"end":{"line":1,"column":3754}},"line":1}},"f":{"0":10,"1":10,"2":10,"3":0,"4":10,"5":0,"6":0,"7":0,"8":0,"9":0,"10":0}}
,"/home/runner/work/nuxt-memo-app/nuxt-memo-app/virtual:nuxt:%2Fhome%2Frunner%2Fwork%2Fnuxt-memo-app%2Fnuxt-memo-app%2F.nuxt%2Funhead-options.mjs": {"path":"/home/runner/work/nuxt-memo-app/nuxt-memo-app/virtual:nuxt:%2Fhome%2Frunner%2Fwork%2Fnuxt-memo-app%2Fnuxt-memo-app%2F.nuxt%2Funhead-options.mjs","all":false,"statementMap":{"0":{"start":{"line":1,"column":0},"end":{"line":1,"column":1858}}},"s":{"0":1},"branchMap":{"0":{"type":"branch","line":1,"loc":{"start":{"line":1,"column":0},"end":{"line":1,"column":1649}},"locations":[{"start":{"line":1,"column":0},"end":{"line":1,"column":1649}}]},"1":{"type":"branch","line":1,"loc":{"start":{"line":1,"column":0},"end":{"line":1,"column":1649}},"locations":[{"start":{"line":1,"column":0},"end":{"line":1,"column":1649}}]},"2":{"type":"branch","line":1,"loc":{"start":{"line":1,"column":95},"end":{"line":1,"column":155}},"locations":[{"start":{"line":1,"column":95},"end":{"line":1,"column":155}}]},"3":{"type":"branch","line":1,"loc":{"start":{"line":1,"column":145},"end":{"line":1,"column":153}},"locations":[{"start":{"line":1,"column":145},"end":{"line":1,"column":153}}]}},"b":{"0":[10],"1":[10],"2":[10],"3":[0]},"fnMap":{"0":{"name":"get","decl":{"start":{"line":1,"column":95},"end":{"line":1,"column":155}},"loc":{"start":{"line":1,"column":95},"end":{"line":1,"column":155}},"line":1}},"f":{"0":10}}
,"/home/runner/work/nuxt-memo-app/nuxt-memo-app/vitest.config.ts": {"path":"/home/runner/work/nuxt-memo-app/nuxt-memo-app/vitest.config.ts","all":true,"statementMap":{"0":{"start":{"line":1,"column":0},"end":{"line":1,"column":44}},"1":{"start":{"line":2,"column":0},"end":{"line":2,"column":60}},"3":{"start":{"line":4,"column":0},"end":{"line":4,"column":35}},"4":{"start":{"line":5,"column":0},"end":{"line":5,"column":9}},"5":{"start":{"line":6,"column":0},"end":{"line":6,"column":25}},"6":{"start":{"line":7,"column":0},"end":{"line":7,"column":36}},"7":{"start":{"line":8,"column":0},"end":{"line":8,"column":18}},"8":{"start":{"line":9,"column":0},"end":{"line":9,"column":66}},"9":{"start":{"line":10,"column":0},"end":{"line":10,"column":58}},"10":{"start":{"line":11,"column":0},"end":{"line":11,"column":15}},"11":{"start":{"line":12,"column":0},"end":{"line":12,"column":21}},"12":{"start":{"line":13,"column":0},"end":{"line":13,"column":41}},"13":{"start":{"line":14,"column":0},"end":{"line":14,"column":16}},"14":{"start":{"line":15,"column":0},"end":{"line":15,"column":24}},"15":{"start":{"line":16,"column":0},"end":{"line":16,"column":17}},"16":{"start":{"line":17,"column":0},"end":{"line":17,"column":16}},"17":{"start":{"line":18,"column":0},"end":{"line":18,"column":16}},"18":{"start":{"line":19,"column":0},"end":{"line":19,"column":20}},"19":{"start":{"line":20,"column":0},"end":{"line":20,"column":8}},"20":{"start":{"line":21,"column":0},"end":{"line":21,"column":6}},"21":{"start":{"line":22,"column":0},"end":{"line":22,"column":4}},"22":{"start":{"line":23,"column":0},"end":{"line":23,"column":2}}},"s":{"0":0,"1":0,"3":0,"4":0,"5":0,"6":0,"7":0,"8":0,"9":0,"10":0,"11":0,"12":0,"13":0,"14":0,"15":0,"16":0,"17":0,"18":0,"19":0,"20":0,"21":0,"22":0},"branchMap":{"0":{"type":"branch","line":1,"loc":{"start":{"line":1,"column":579},"end":{"line":23,"column":2}},"locations":[{"start":{"line":1,"column":579},"end":{"line":23,"column":2}}]}},"b":{"0":[0]},"fnMap":{"0":{"name":"(empty-report)","decl":{"start":{"line":1,"column":579},"end":{"line":23,"column":2}},"loc":{"start":{"line":1,"column":579},"end":{"line":23,"column":2}},"line":1}},"f":{"0":0}}
,"/home/runner/work/nuxt-memo-app/nuxt-memo-app/components/AiPromptModal.vue": {"path":"/home/runner/work/nuxt-memo-app/nuxt-memo-app/components/AiPromptModal.vue","all":true,"statementMap":{"1":{"start":{"line":2,"column":0},"end":{"line":2,"column":9}},"2":{"start":{"line":3,"column":0},"end":{"line":3,"column":125}},"6":{"start":{"line":7,"column":0},"end":{"line":7,"column":53}},"7":{"start":{"line":8,"column":0},"end":{"line":8,"column":37}},"8":{"start":{"line":9,"column":0},"end":{"line":9,"column":17}},"9":{"start":{"line":10,"column":0},"end":{"line":10,"column":119}},"10":{"start":{"line":11,"column":0},"end":{"line":11,"column":75}},"11":{"start":{"line":12,"column":0},"end":{"line":12,"column":63}},"13":{"start":{"line":14,"column":0},"end":{"line":14,"column":32}},"14":{"start":{"line":15,"column":0},"end":{"line":15,"column":34}},"15":{"start":{"line":16,"column":0},"end":{"line":16,"column":65}},"16":{"start":{"line":17,"column":0},"end":{"line":17,"column":105}},"17":{"start":{"line":18,"column":0},"end":{"line":18,"column":57}},"18":{"start":{"line":19,"column":0},"end":{"line":19,"column":28}},"19":{"start":{"line":20,"column":0},"end":{"line":20,"column":60}},"20":{"start":{"line":21,"column":0},"end":{"line":21,"column":101}},"21":{"start":{"line":22,"column":0},"end":{"line":22,"column":54}},"22":{"start":{"line":23,"column":0},"end":{"line":23,"column":28}},"23":{"start":{"line":24,"column":0},"end":{"line":24,"column":22}},"25":{"start":{"line":26,"column":0},"end":{"line":26,"column":32}},"26":{"start":{"line":27,"column":0},"end":{"line":27,"column":91}},"28":{"start":{"line":29,"column":0},"end":{"line":29,"column":29}},"29":{"start":{"line":30,"column":0},"end":{"line":30,"column":146}},"31":{"start":{"line":32,"column":0},"end":{"line":32,"column":52}},"32":{"start":{"line":33,"column":0},"end":{"line":33,"column":113}},"33":{"start":{"line":34,"column":0},"end":{"line":34,"column":88}},"34":{"start":{"line":35,"column":0},"end":{"line":35,"column":171}},"35":{"start":{"line":36,"column":0},"end":{"line":36,"column":62}},"36":{"start":{"line":37,"column":0},"end":{"line":37,"column":46}},"37":{"start":{"line":38,"column":0},"end":{"line":38,"column":29}},"38":{"start":{"line":39,"column":0},"end":{"line":39,"column":22}},"39":{"start":{"line":40,"column":0},"end":{"line":40,"column":18}},"40":{"start":{"line":41,"column":0},"end":{"line":41,"column":14}},"41":{"start":{"line":42,"column":0},"end":{"line":42,"column":10}},"44":{"start":{"line":45,"column":0},"end":{"line":45,"column":51}},"45":{"start":{"line":46,"column":0},"end":{"line":46,"column":56}},"46":{"start":{"line":47,"column":0},"end":{"line":47,"column":50}},"47":{"start":{"line":48,"column":0},"end":{"line":48,"column":62}},"49":{"start":{"line":50,"column":0},"end":{"line":50,"column":54}},"50":{"start":{"line":51,"column":0},"end":{"line":51,"column":36}},"52":{"start":{"line":53,"column":0},"end":{"line":53,"column":34}},"53":{"start":{"line":54,"column":0},"end":{"line":54,"column":33}},"54":{"start":{"line":55,"column":0},"end":{"line":55,"column":96}},"55":{"start":{"line":56,"column":0},"end":{"line":56,"column":25}},"56":{"start":{"line":57,"column":0},"end":{"line":57,"column":32}},"57":{"start":{"line":58,"column":0},"end":{"line":58,"column":28}},"59":{"start":{"line":60,"column":0},"end":{"line":60,"column":51}},"60":{"start":{"line":61,"column":0},"end":{"line":61,"column":34}},"61":{"start":{"line":62,"column":0},"end":{"line":62,"column":1}},"63":{"start":{"line":64,"column":0},"end":{"line":64,"column":28}},"64":{"start":{"line":65,"column":0},"end":{"line":65,"column":32}},"65":{"start":{"line":66,"column":0},"end":{"line":66,"column":31}},"66":{"start":{"line":67,"column":0},"end":{"line":67,"column":24}},"67":{"start":{"line":68,"column":0},"end":{"line":68,"column":1}},"69":{"start":{"line":70,"column":0},"end":{"line":70,"column":23}},"70":{"start":{"line":71,"column":0},"end":{"line":71,"column":25}},"72":{"start":{"line":73,"column":0},"end":{"line":73,"column":41}},"73":{"start":{"line":74,"column":0},"end":{"line":74,"column":41}},"74":{"start":{"line":75,"column":0},"end":{"line":75,"column":12}},"76":{"start":{"line":77,"column":0},"end":{"line":77,"column":70}},"77":{"start":{"line":78,"column":0},"end":{"line":78,"column":18}},"78":{"start":{"line":79,"column":0},"end":{"line":79,"column":9}},"79":{"start":{"line":80,"column":0},"end":{"line":80,"column":45}},"80":{"start":{"line":81,"column":0},"end":{"line":81,"column":5}},"82":{"start":{"line":83,"column":0},"end":{"line":83,"column":32}},"83":{"start":{"line":84,"column":0},"end":{"line":84,"column":33}},"84":{"start":{"line":85,"column":0},"end":{"line":85,"column":1}}},"s":{"1":0,"2":0,"6":0,"7":0,"8":0,"9":0,"10":0,"11":0,"13":0,"14":0,"15":0,"16":0,"17":0,"18":0,"19":0,"20":0,"21":0,"22":0,"23":0,"25":0,"26":0,"28":0,"29":0,"31":0,"32":0,"33":0,"34":0,"35":0,"36":0,"37":0,"38":0,"39":0,"40":0,"41":0,"44":0,"45":0,"46":0,"47":0,"49":0,"50":0,"52":0,"53":0,"54":0,"55":0,"56":0,"57":0,"59":0,"60":0,"61":0,"63":0,"64":0,"65":0,"66":0,"67":0,"69":0,"70":0,"72":0,"73":0,"74":0,"76":0,"77":0,"78":0,"79":0,"80":0,"82":0,"83":0,"84":0},"branchMap":{"0":{"type":"branch","line":1,"loc":{"start":{"line":1,"column":3603},"end":{"line":88,"column":9}},"locations":[{"start":{"line":1,"column":3603},"end":{"line":88,"column":9}}]}},"b":{"0":[1]},"fnMap":{"0":{"name":"(empty-report)","decl":{"start":{"line":1,"column":3603},"end":{"line":88,"column":9}},"loc":{"start":{"line":1,"column":3603},"end":{"line":88,"column":9}},"line":1}},"f":{"0":1}}
,"/home/runner/work/nuxt-memo-app/nuxt-memo-app/components/AnswerCheck.vue": {"path":"/home/runner/work/nuxt-memo-app/nuxt-memo-app/components/AnswerCheck.vue","all":true,"statementMap":{"1":{"start":{"line":2,"column":0},"end":{"line":2,"column":22}},"2":{"start":{"line":3,"column":0},"end":{"line":3,"column":39}},"3":{"start":{"line":4,"column":0},"end":{"line":4,"column":165}},"5":{"start":{"line":6,"column":0},"end":{"line":6,"column":17}},"6":{"start":{"line":7,"column":0},"end":{"line":7,"column":10}},"7":{"start":{"line":8,"column":0},"end":{"line":8,"column":9}},"8":{"start":{"line":9,"column":0},"end":{"line":9,"column":73}},"9":{"start":{"line":10,"column":0},"end":{"line":10,"column":20}},"10":{"start":{"line":11,"column":0},"end":{"line":11,"column":60}},"11":{"start":{"line":12,"column":0},"end":{"line":12,"column":38}},"12":{"start":{"line":13,"column":0},"end":{"line":13,"column":20}},"13":{"start":{"line":14,"column":0},"end":{"line":14,"column":199}},"14":{"start":{"line":15,"column":0},"end":{"line":15,"column":18}},"15":{"start":{"line":16,"column":0},"end":{"line":16,"column":85}},"16":{"start":{"line":17,"column":0},"end":{"line":17,"column":89}},"17":{"start":{"line":18,"column":0},"end":{"line":18,"column":14}},"18":{"start":{"line":19,"column":0},"end":{"line":19,"column":10}}},"s":{"1":0,"2":0,"3":0,"5":0,"6":0,"7":0,"8":0,"9":0,"10":0,"11":0,"12":0,"13":0,"14":0,"15":0,"16":0,"17":0,"18":0},"branchMap":{"0":{"type":"branch","line":1,"loc":{"start":{"line":1,"column":1071},"end":{"line":24,"column":9}},"locations":[{"start":{"line":1,"column":1071},"end":{"line":24,"column":9}}]}},"b":{"0":[1]},"fnMap":{"0":{"name":"(empty-report)","decl":{"start":{"line":1,"column":1071},"end":{"line":24,"column":9}},"loc":{"start":{"line":1,"column":1071},"end":{"line":24,"column":9}},"line":1}},"f":{"0":1}}
,"/home/runner/work/nuxt-memo-app/nuxt-memo-app/components/DatabaseTable.vue": {"path":"/home/runner/work/nuxt-memo-app/nuxt-memo-app/components/DatabaseTable.vue","all":false,"statementMap":{"0":{"start":{"line":2,"column":0},"end":{"line":2,"column":22}},"1":{"start":{"line":3,"column":0},"end":{"line":3,"column":119}},"2":{"start":{"line":4,"column":0},"end":{"line":4,"column":87}},"3":{"start":{"line":5,"column":0},"end":{"line":5,"column":74}},"4":{"start":{"line":6,"column":0},"end":{"line":6,"column":20}},"5":{"start":{"line":7,"column":0},"end":{"line":7,"column":60}},"6":{"start":{"line":8,"column":0},"end":{"line":8,"column":117}},"7":{"start":{"line":9,"column":0},"end":{"line":9,"column":38}},"8":{"start":{"line":10,"column":0},"end":{"line":10,"column":21}},"9":{"start":{"line":11,"column":0},"end":{"line":11,"column":20}},"10":{"start":{"line":12,"column":0},"end":{"line":12,"column":19}},"11":{"start":{"line":13,"column":0},"end":{"line":13,"column":88}},"12":{"start":{"line":14,"column":0},"end":{"line":14,"column":119}},"13":{"start":{"line":15,"column":0},"end":{"line":15,"column":25}},"14":{"start":{"line":16,"column":0},"end":{"line":16,"column":21}},"15":{"start":{"line":17,"column":0},"end":{"line":17,"column":20}},"16":{"start":{"line":18,"column":0},"end":{"line":18,"column":16}},"17":{"start":{"line":19,"column":0},"end":{"line":19,"column":10}}},"s":{"0":2,"1":2,"2":2,"3":2,"4":2,"5":2,"6":2,"7":2,"8":2,"9":2,"10":2,"11":2,"12":2,"13":2,"14":2,"15":2,"16":2,"17":2},"branchMap":{},"b":{},"fnMap":{},"f":{}}
,"/home/runner/work/nuxt-memo-app/nuxt-memo-app/components/QuestionNavigation.vue": {"path":"/home/runner/work/nuxt-memo-app/nuxt-memo-app/components/QuestionNavigation.vue","all":true,"statementMap":{"1":{"start":{"line":2,"column":0},"end":{"line":2,"column":33}},"2":{"start":{"line":3,"column":0},"end":{"line":3,"column":62}},"3":{"start":{"line":4,"column":0},"end":{"line":4,"column":242}},"5":{"start":{"line":6,"column":0},"end":{"line":6,"column":17}},"6":{"start":{"line":7,"column":0},"end":{"line":7,"column":80}},"7":{"start":{"line":8,"column":0},"end":{"line":8,"column":236}},"9":{"start":{"line":10,"column":0},"end":{"line":10,"column":17}},"10":{"start":{"line":11,"column":0},"end":{"line":11,"column":10}}},"s":{"1":0,"2":0,"3":0,"5":0,"6":0,"7":0,"9":0,"10":0},"branchMap":{"0":{"type":"branch","line":1,"loc":{"start":{"line":1,"column":880},"end":{"line":16,"column":9}},"locations":[{"start":{"line":1,"column":880},"end":{"line":16,"column":9}}]}},"b":{"0":[1]},"fnMap":{"0":{"name":"(empty-report)","decl":{"start":{"line":1,"column":880},"end":{"line":16,"column":9}},"loc":{"start":{"line":1,"column":880},"end":{"line":16,"column":9}},"line":1}},"f":{"0":1}}
,"/home/runner/work/nuxt-memo-app/nuxt-memo-app/components/ResultTable.vue": {"path":"/home/runner/work/nuxt-memo-app/nuxt-memo-app/components/ResultTable.vue","all":false,"statementMap":{"0":{"start":{"line":2,"column":0},"end":{"line":2,"column":43}},"1":{"start":{"line":3,"column":0},"end":{"line":3,"column":62}},"2":{"start":{"line":4,"column":0},"end":{"line":4,"column":82}},"3":{"start":{"line":5,"column":0},"end":{"line":5,"column":74}},"4":{"start":{"line":6,"column":0},"end":{"line":6,"column":20}},"5":{"start":{"line":7,"column":0},"end":{"line":7,"column":57}},"6":{"start":{"line":8,"column":0},"end":{"line":8,"column":117}},"7":{"start":{"line":9,"column":0},"end":{"line":9,"column":38}},"8":{"start":{"line":10,"column":0},"end":{"line":10,"column":21}},"9":{"start":{"line":11,"column":0},"end":{"line":11,"column":20}},"10":{"start":{"line":12,"column":0},"end":{"line":12,"column":19}},"11":{"start":{"line":13,"column":0},"end":{"line":13,"column":87}},"12":{"start":{"line":14,"column":0},"end":{"line":14,"column":116}},"13":{"start":{"line":15,"column":0},"end":{"line":15,"column":25}},"14":{"start":{"line":16,"column":0},"end":{"line":16,"column":21}},"15":{"start":{"line":17,"column":0},"end":{"line":17,"column":20}},"16":{"start":{"line":18,"column":0},"end":{"line":18,"column":16}},"17":{"start":{"line":19,"column":0},"end":{"line":19,"column":10}}},"s":{"0":2,"1":2,"2":2,"3":2,"4":2,"5":2,"6":2,"7":2,"8":2,"9":2,"10":2,"11":2,"12":2,"13":2,"14":2,"15":2,"16":2,"17":2},"branchMap":{},"b":{},"fnMap":{},"f":{}}
,"/home/runner/work/nuxt-memo-app/nuxt-memo-app/components/SafeAiResponse.vue": {"path":"/home/runner/work/nuxt-memo-app/nuxt-memo-app/components/SafeAiResponse.vue","all":true,"statementMap":{"1":{"start":{"line":2,"column":0},"end":{"line":2,"column":8}},"2":{"start":{"line":3,"column":0},"end":{"line":3,"column":67}},"5":{"start":{"line":6,"column":0},"end":{"line":6,"column":22}},"6":{"start":{"line":7,"column":0},"end":{"line":7,"column":23}},"7":{"start":{"line":8,"column":0},"end":{"line":8,"column":59}},"9":{"start":{"line":10,"column":0},"end":{"line":10,"column":23}},"10":{"start":{"line":11,"column":0},"end":{"line":11,"column":17}},"11":{"start":{"line":12,"column":0},"end":{"line":12,"column":41}},"12":{"start":{"line":13,"column":0},"end":{"line":13,"column":15}},"13":{"start":{"line":14,"column":0},"end":{"line":14,"column":9}},"27":{"start":{"line":28,"column":0},"end":{"line":28,"column":34}},"29":{"start":{"line":30,"column":0},"end":{"line":30,"column":55}},"30":{"start":{"line":31,"column":0},"end":{"line":31,"column":34}},"31":{"start":{"line":32,"column":0},"end":{"line":32,"column":29}},"32":{"start":{"line":33,"column":0},"end":{"line":33,"column":19}},"35":{"start":{"line":36,"column":0},"end":{"line":36,"column":46}},"36":{"start":{"line":37,"column":0},"end":{"line":37,"column":11}},"38":{"start":{"line":39,"column":0},"end":{"line":39,"column":51}},"40":{"start":{"line":41,"column":0},"end":{"line":41,"column":34}},"41":{"start":{"line":42,"column":0},"end":{"line":42,"column":59}},"42":{"start":{"line":43,"column":0},"end":{"line":43,"column":23}},"43":{"start":{"line":44,"column":0},"end":{"line":44,"column":54}},"44":{"start":{"line":45,"column":0},"end":{"line":45,"column":7}},"45":{"start":{"line":46,"column":0},"end":{"line":46,"column":5}},"48":{"start":{"line":49,"column":0},"end":{"line":49,"column":16}},"49":{"start":{"line":50,"column":0},"end":{"line":50,"column":19}},"50":{"start":{"line":51,"column":0},"end":{"line":51,"column":34}},"51":{"start":{"line":52,"column":0},"end":{"line":52,"column":33}},"52":{"start":{"line":53,"column":0},"end":{"line":53,"column":6}},"54":{"start":{"line":55,"column":0},"end":{"line":55,"column":45}},"55":{"start":{"line":56,"column":0},"end":{"line":56,"column":3}},"58":{"start":{"line":59,"column":0},"end":{"line":59,"column":32}},"59":{"start":{"line":60,"column":0},"end":{"line":60,"column":47}},"60":{"start":{"line":61,"column":0},"end":{"line":61,"column":24}},"61":{"start":{"line":62,"column":0},"end":{"line":62,"column":55}},"62":{"start":{"line":63,"column":0},"end":{"line":63,"column":5}},"63":{"start":{"line":64,"column":0},"end":{"line":64,"column":3}},"66":{"start":{"line":67,"column":0},"end":{"line":67,"column":27}},"67":{"start":{"line":68,"column":0},"end":{"line":68,"column":44}},"68":{"start":{"line":69,"column":0},"end":{"line":69,"column":3}},"70":{"start":{"line":71,"column":0},"end":{"line":71,"column":14}},"71":{"start":{"line":72,"column":0},"end":{"line":72,"column":2}}},"s":{"1":0,"2":0,"5":0,"6":0,"7":0,"9":0,"10":0,"11":0,"12":0,"13":0,"27":0,"29":0,"30":0,"31":0,"32":0,"35":0,"36":0,"38":0,"40":0,"41":0,"42":0,"43":0,"44":0,"45":0,"48":0,"49":0,"50":0,"51":0,"52":0,"54":0,"55":0,"58":0,"59":0,"60":0,"61":0,"62":0,"63":0,"66":0,"67":0,"68":0,"70":0,"71":0},"branchMap":{"0":{"type":"branch","line":1,"loc":{"start":{"line":1,"column":1690},"end":{"line":73,"column":9}},"locations":[{"start":{"line":1,"column":1690},"end":{"line":73,"column":9}}]}},"b":{"0":[1]},"fnMap":{"0":{"name":"(empty-report)","decl":{"start":{"line":1,"column":1690},"end":{"line":73,"column":9}},"loc":{"start":{"line":1,"column":1690},"end":{"line":73,"column":9}},"line":1}},"f":{"0":1}}
,"/home/runner/work/nuxt-memo-app/nuxt-memo-app/components/SqlEditor.vue": {"path":"/home/runner/work/nuxt-memo-app/nuxt-memo-app/components/SqlEditor.vue","all":false,"statementMap":{"0":{"start":{"line":2,"column":0},"end":{"line":2,"column":9}},"1":{"start":{"line":3,"column":0},"end":{"line":3,"column":72}},"2":{"start":{"line":4,"column":0},"end":{"line":4,"column":120}},"3":{"start":{"line":5,"column":0},"end":{"line":5,"column":54}},"4":{"start":{"line":6,"column":0},"end":{"line":6,"column":187}},"5":{"start":{"line":7,"column":0},"end":{"line":7,"column":37}},"6":{"start":{"line":8,"column":0},"end":{"line":8,"column":45}},"7":{"start":{"line":9,"column":0},"end":{"line":9,"column":173}},"8":{"start":{"line":11,"column":0},"end":{"line":11,"column":21}},"9":{"start":{"line":12,"column":0},"end":{"line":12,"column":94}},"10":{"start":{"line":13,"column":0},"end":{"line":13,"column":51}},"11":{"start":{"line":14,"column":0},"end":{"line":14,"column":14}},"12":{"start":{"line":15,"column":0},"end":{"line":15,"column":10}},"13":{"start":{"line":18,"column":0},"end":{"line":18,"column":25}},"14":{"start":{"line":19,"column":0},"end":{"line":19,"column":47}},"15":{"start":{"line":20,"column":0},"end":{"line":20,"column":103}},"16":{"start":{"line":21,"column":0},"end":{"line":21,"column":68}}},"s":{"0":2,"1":2,"2":2,"3":2,"4":2,"5":2,"6":2,"7":2,"8":2,"9":2,"10":8,"11":2,"12":2,"13":2,"14":2,"15":2,"16":2},"branchMap":{"0":{"type":"branch","line":12,"loc":{"start":{"line":12,"column":56},"end":{"line":13,"column":51}},"locations":[{"start":{"line":12,"column":56},"end":{"line":13,"column":51}}]},"1":{"type":"branch","line":13,"loc":{"start":{"line":13,"column":46},"end":{"line":13,"column":51}},"locations":[{"start":{"line":13,"column":46},"end":{"line":13,"column":51}}]},"2":{"type":"branch","line":4,"loc":{"start":{"line":4,"column":44},"end":{"line":4,"column":120}},"locations":[{"start":{"line":4,"column":44},"end":{"line":4,"column":120}}]},"3":{"type":"branch","line":13,"loc":{"start":{"line":13,"column":23},"end":{"line":13,"column":51}},"locations":[{"start":{"line":13,"column":23},"end":{"line":13,"column":51}}]}},"b":{"0":[8],"1":[8],"2":[2],"3":[2]},"fnMap":{"0":{"name":"onInput._cache.<computed>._cache.<computed>","decl":{"start":{"line":4,"column":44},"end":{"line":4,"column":120}},"loc":{"start":{"line":4,"column":44},"end":{"line":4,"column":120}},"line":4},"1":{"name":"$setup.props.showAiPromptModal.onAskAi._cache.<computed>._cache.<computed>","decl":{"start":{"line":13,"column":23},"end":{"line":13,"column":51}},"loc":{"start":{"line":13,"column":23},"end":{"line":13,"column":51}},"line":13}},"f":{"0":2,"1":2}}
,"/home/runner/work/nuxt-memo-app/nuxt-memo-app/components/ai/AiPromptInput.vue": {"path":"/home/runner/work/nuxt-memo-app/nuxt-memo-app/components/ai/AiPromptInput.vue","all":true,"statementMap":{"1":{"start":{"line":2,"column":0},"end":{"line":2,"column":22}},"2":{"start":{"line":3,"column":0},"end":{"line":3,"column":18}},"3":{"start":{"line":4,"column":0},"end":{"line":4,"column":32}},"4":{"start":{"line":5,"column":0},"end":{"line":5,"column":32}},"5":{"start":{"line":6,"column":0},"end":{"line":6,"column":53}},"6":{"start":{"line":7,"column":0},"end":{"line":7,"column":62}},"7":{"start":{"line":8,"column":0},"end":{"line":8,"column":53}},"8":{"start":{"line":9,"column":0},"end":{"line":9,"column":20}},"9":{"start":{"line":10,"column":0},"end":{"line":10,"column":60}},"10":{"start":{"line":11,"column":0},"end":{"line":11,"column":88}},"11":{"start":{"line":12,"column":0},"end":{"line":12,"column":91}},"12":{"start":{"line":13,"column":0},"end":{"line":13,"column":14}},"13":{"start":{"line":14,"column":0},"end":{"line":14,"column":10}},"17":{"start":{"line":18,"column":0},"end":{"line":18,"column":58}},"19":{"start":{"line":20,"column":0},"end":{"line":20,"column":27}},"23":{"start":{"line":24,"column":0},"end":{"line":24,"column":26}},"28":{"start":{"line":29,"column":0},"end":{"line":29,"column":39}},"29":{"start":{"line":30,"column":0},"end":{"line":30,"column":26}},"32":{"start":{"line":33,"column":0},"end":{"line":33,"column":45}},"33":{"start":{"line":34,"column":0},"end":{"line":34,"column":30}},"34":{"start":{"line":35,"column":0},"end":{"line":35,"column":19}},"35":{"start":{"line":36,"column":0},"end":{"line":36,"column":2}},"37":{"start":{"line":38,"column":0},"end":{"line":38,"column":26}},"38":{"start":{"line":39,"column":0},"end":{"line":39,"column":25}},"40":{"start":{"line":41,"column":0},"end":{"line":41,"column":39}},"41":{"start":{"line":42,"column":0},"end":{"line":42,"column":45}},"42":{"start":{"line":43,"column":0},"end":{"line":43,"column":20}},"43":{"start":{"line":44,"column":0},"end":{"line":44,"column":5}},"45":{"start":{"line":46,"column":0},"end":{"line":46,"column":46}},"46":{"start":{"line":47,"column":0},"end":{"line":47,"column":40}},"47":{"start":{"line":48,"column":0},"end":{"line":48,"column":20}},"48":{"start":{"line":49,"column":0},"end":{"line":49,"column":5}},"51":{"start":{"line":52,"column":0},"end":{"line":52,"column":153}},"52":{"start":{"line":53,"column":0},"end":{"line":53,"column":51}},"53":{"start":{"line":54,"column":0},"end":{"line":54,"column":69}},"54":{"start":{"line":55,"column":0},"end":{"line":55,"column":5}},"56":{"start":{"line":57,"column":0},"end":{"line":57,"column":22}},"57":{"start":{"line":58,"column":0},"end":{"line":58,"column":47}},"58":{"start":{"line":59,"column":0},"end":{"line":59,"column":20}},"59":{"start":{"line":60,"column":0},"end":{"line":60,"column":5}},"61":{"start":{"line":62,"column":0},"end":{"line":62,"column":15}},"62":{"start":{"line":63,"column":0},"end":{"line":63,"column":1}},"64":{"start":{"line":65,"column":0},"end":{"line":65,"column":24}},"65":{"start":{"line":66,"column":0},"end":{"line":66,"column":46}},"66":{"start":{"line":67,"column":0},"end":{"line":67,"column":35}},"67":{"start":{"line":68,"column":0},"end":{"line":68,"column":38}},"68":{"start":{"line":69,"column":0},"end":{"line":69,"column":1}},"71":{"start":{"line":72,"column":0},"end":{"line":72,"column":14}},"72":{"start":{"line":73,"column":0},"end":{"line":73,"column":28}},"73":{"start":{"line":74,"column":0},"end":{"line":74,"column":38}},"74":{"start":{"line":75,"column":0},"end":{"line":75,"column":2}}},"s":{"1":0,"2":0,"3":0,"4":0,"5":0,"6":0,"7":0,"8":0,"9":0,"10":0,"11":0,"12":0,"13":0,"17":0,"19":0,"23":0,"28":0,"29":0,"32":0,"33":0,"34":0,"35":0,"37":0,"38":0,"40":0,"41":0,"42":0,"43":0,"45":0,"46":0,"47":0,"48":0,"51":0,"52":0,"53":0,"54":0,"56":0,"57":0,"58":0,"59":0,"61":0,"62":0,"64":0,"65":0,"66":0,"67":0,"68":0,"71":0,"72":0,"73":0,"74":0},"branchMap":{"0":{"type":"branch","line":1,"loc":{"start":{"line":1,"column":2094},"end":{"line":76,"column":9}},"locations":[{"start":{"line":1,"column":2094},"end":{"line":76,"column":9}}]}},"b":{"0":[1]},"fnMap":{"0":{"name":"(empty-report)","decl":{"start":{"line":1,"column":2094},"end":{"line":76,"column":9}},"loc":{"start":{"line":1,"column":2094},"end":{"line":76,"column":9}},"line":1}},"f":{"0":1}}
,"/home/runner/work/nuxt-memo-app/nuxt-memo-app/components/ai/AiPromptSelector.vue": {"path":"/home/runner/work/nuxt-memo-app/nuxt-memo-app/components/ai/AiPromptSelector.vue","all":true,"statementMap":{"1":{"start":{"line":2,"column":0},"end":{"line":2,"column":22}},"2":{"start":{"line":3,"column":0},"end":{"line":3,"column":98}},"3":{"start":{"line":4,"column":0},"end":{"line":4,"column":103}},"4":{"start":{"line":5,"column":0},"end":{"line":5,"column":36}},"5":{"start":{"line":6,"column":0},"end":{"line":6,"column":21}},"6":{"start":{"line":7,"column":0},"end":{"line":7,"column":17}},"7":{"start":{"line":8,"column":0},"end":{"line":8,"column":10}},"11":{"start":{"line":12,"column":0},"end":{"line":12,"column":58}},"12":{"start":{"line":13,"column":0},"end":{"line":13,"column":59}},"14":{"start":{"line":15,"column":0},"end":{"line":15,"column":27}},"18":{"start":{"line":19,"column":0},"end":{"line":19,"column":26}},"22":{"start":{"line":23,"column":0},"end":{"line":23,"column":44}},"25":{"start":{"line":26,"column":0},"end":{"line":26,"column":45}},"26":{"start":{"line":27,"column":0},"end":{"line":27,"column":35}},"27":{"start":{"line":28,"column":0},"end":{"line":28,"column":2}},"29":{"start":{"line":30,"column":0},"end":{"line":30,"column":25}},"30":{"start":{"line":31,"column":0},"end":{"line":31,"column":51}},"31":{"start":{"line":32,"column":0},"end":{"line":32,"column":1}}},"s":{"1":0,"2":0,"3":0,"4":0,"5":0,"6":0,"7":0,"11":0,"12":0,"14":0,"18":0,"22":0,"25":0,"26":0,"27":0,"29":0,"30":0,"31":0},"branchMap":{"0":{"type":"branch","line":1,"loc":{"start":{"line":1,"column":879},"end":{"line":33,"column":9}},"locations":[{"start":{"line":1,"column":879},"end":{"line":33,"column":9}}]}},"b":{"0":[1]},"fnMap":{"0":{"name":"(empty-report)","decl":{"start":{"line":1,"column":879},"end":{"line":33,"column":9}},"loc":{"start":{"line":1,"column":879},"end":{"line":33,"column":9}},"line":1}},"f":{"0":1}}
,"/home/runner/work/nuxt-memo-app/nuxt-memo-app/components/ai/constants/aiPromptOptions.ts": {"path":"/home/runner/work/nuxt-memo-app/nuxt-memo-app/components/ai/constants/aiPromptOptions.ts","all":true,"statementMap":{"5":{"start":{"line":6,"column":0},"end":{"line":6,"column":46}},"6":{"start":{"line":7,"column":0},"end":{"line":7,"column":71}},"7":{"start":{"line":8,"column":0},"end":{"line":8,"column":70}},"8":{"start":{"line":9,"column":0},"end":{"line":9,"column":78}},"9":{"start":{"line":10,"column":0},"end":{"line":10,"column":86}},"10":{"start":{"line":11,"column":0},"end":{"line":11,"column":63}},"11":{"start":{"line":12,"column":0},"end":{"line":12,"column":1}}},"s":{"5":0,"6":0,"7":0,"8":0,"9":0,"10":0,"11":0},"branchMap":{"0":{"type":"branch","line":1,"loc":{"start":{"line":1,"column":497},"end":{"line":12,"column":1}},"locations":[{"start":{"line":1,"column":497},"end":{"line":12,"column":1}}]}},"b":{"0":[1]},"fnMap":{"0":{"name":"(empty-report)","decl":{"start":{"line":1,"column":497},"end":{"line":12,"column":1}},"loc":{"start":{"line":1,"column":497},"end":{"line":12,"column":1}},"line":1}},"f":{"0":1}}
,"/home/runner/work/nuxt-memo-app/nuxt-memo-app/components/random/AIQuestion.vue": {"path":"/home/runner/work/nuxt-memo-app/nuxt-memo-app/components/random/AIQuestion.vue","all":true,"statementMap":{"1":{"start":{"line":2,"column":0},"end":{"line":2,"column":101}},"2":{"start":{"line":3,"column":0},"end":{"line":3,"column":99}},"3":{"start":{"line":4,"column":0},"end":{"line":4,"column":115}},"4":{"start":{"line":5,"column":0},"end":{"line":5,"column":75}},"5":{"start":{"line":6,"column":0},"end":{"line":6,"column":161}},"6":{"start":{"line":7,"column":0},"end":{"line":7,"column":83}},"7":{"start":{"line":8,"column":0},"end":{"line":8,"column":235}},"8":{"start":{"line":9,"column":0},"end":{"line":9,"column":76}},"9":{"start":{"line":10,"column":0},"end":{"line":10,"column":112}},"10":{"start":{"line":11,"column":0},"end":{"line":11,"column":110}},"11":{"start":{"line":12,"column":0},"end":{"line":12,"column":26}},"13":{"start":{"line":14,"column":0},"end":{"line":14,"column":23}},"14":{"start":{"line":15,"column":0},"end":{"line":15,"column":21}},"15":{"start":{"line":16,"column":0},"end":{"line":16,"column":32}},"16":{"start":{"line":17,"column":0},"end":{"line":17,"column":108}},"17":{"start":{"line":18,"column":0},"end":{"line":18,"column":49}},"18":{"start":{"line":19,"column":0},"end":{"line":19,"column":112}},"19":{"start":{"line":20,"column":0},"end":{"line":20,"column":92}},"20":{"start":{"line":21,"column":0},"end":{"line":21,"column":98}},"21":{"start":{"line":22,"column":0},"end":{"line":22,"column":26}},"22":{"start":{"line":23,"column":0},"end":{"line":23,"column":23}},"23":{"start":{"line":24,"column":0},"end":{"line":24,"column":21}},"24":{"start":{"line":25,"column":0},"end":{"line":25,"column":76}},"25":{"start":{"line":26,"column":0},"end":{"line":26,"column":83}},"26":{"start":{"line":27,"column":0},"end":{"line":27,"column":22}},"27":{"start":{"line":28,"column":0},"end":{"line":28,"column":18}},"28":{"start":{"line":29,"column":0},"end":{"line":29,"column":36}},"29":{"start":{"line":30,"column":0},"end":{"line":30,"column":106}},"30":{"start":{"line":31,"column":0},"end":{"line":31,"column":48}},"31":{"start":{"line":32,"column":0},"end":{"line":32,"column":112}},"32":{"start":{"line":33,"column":0},"end":{"line":33,"column":76}},"33":{"start":{"line":34,"column":0},"end":{"line":34,"column":109}},"34":{"start":{"line":35,"column":0},"end":{"line":35,"column":26}},"35":{"start":{"line":36,"column":0},"end":{"line":36,"column":23}},"36":{"start":{"line":37,"column":0},"end":{"line":37,"column":21}},"37":{"start":{"line":38,"column":0},"end":{"line":38,"column":78}},"38":{"start":{"line":39,"column":0},"end":{"line":39,"column":22}},"39":{"start":{"line":40,"column":0},"end":{"line":40,"column":18}},"40":{"start":{"line":41,"column":0},"end":{"line":41,"column":14}},"41":{"start":{"line":42,"column":0},"end":{"line":42,"column":10}},"45":{"start":{"line":46,"column":0},"end":{"line":46,"column":46}},"47":{"start":{"line":48,"column":0},"end":{"line":48,"column":32}},"49":{"start":{"line":50,"column":0},"end":{"line":50,"column":36}},"51":{"start":{"line":52,"column":0},"end":{"line":52,"column":48}},"52":{"start":{"line":53,"column":0},"end":{"line":53,"column":72}},"53":{"start":{"line":54,"column":0},"end":{"line":54,"column":23}},"54":{"start":{"line":55,"column":0},"end":{"line":55,"column":25}},"55":{"start":{"line":56,"column":0},"end":{"line":56,"column":6}},"56":{"start":{"line":57,"column":0},"end":{"line":57,"column":22}},"57":{"start":{"line":58,"column":0},"end":{"line":58,"column":46}},"58":{"start":{"line":59,"column":0},"end":{"line":59,"column":27}},"59":{"start":{"line":60,"column":0},"end":{"line":60,"column":12}},"60":{"start":{"line":61,"column":0},"end":{"line":61,"column":42}},"61":{"start":{"line":62,"column":0},"end":{"line":62,"column":31}},"62":{"start":{"line":63,"column":0},"end":{"line":63,"column":5}},"63":{"start":{"line":64,"column":0},"end":{"line":64,"column":1}},"65":{"start":{"line":66,"column":0},"end":{"line":66,"column":32}},"67":{"start":{"line":68,"column":0},"end":{"line":68,"column":40}},"68":{"start":{"line":69,"column":0},"end":{"line":69,"column":39}},"69":{"start":{"line":70,"column":0},"end":{"line":70,"column":2}},"71":{"start":{"line":72,"column":0},"end":{"line":72,"column":41}},"72":{"start":{"line":73,"column":0},"end":{"line":73,"column":33}},"73":{"start":{"line":74,"column":0},"end":{"line":74,"column":2}},"75":{"start":{"line":76,"column":0},"end":{"line":76,"column":25}},"76":{"start":{"line":77,"column":0},"end":{"line":77,"column":32}},"77":{"start":{"line":78,"column":0},"end":{"line":78,"column":39}},"78":{"start":{"line":79,"column":0},"end":{"line":79,"column":5}},"79":{"start":{"line":80,"column":0},"end":{"line":80,"column":1}},"81":{"start":{"line":82,"column":0},"end":{"line":82,"column":31}},"82":{"start":{"line":83,"column":0},"end":{"line":83,"column":33}},"83":{"start":{"line":84,"column":0},"end":{"line":84,"column":27}},"84":{"start":{"line":85,"column":0},"end":{"line":85,"column":31}},"85":{"start":{"line":86,"column":0},"end":{"line":86,"column":5}},"86":{"start":{"line":87,"column":0},"end":{"line":87,"column":2}},"88":{"start":{"line":89,"column":0},"end":{"line":89,"column":17}},"89":{"start":{"line":90,"column":0},"end":{"line":90,"column":23}},"90":{"start":{"line":91,"column":0},"end":{"line":91,"column":23}},"91":{"start":{"line":92,"column":0},"end":{"line":92,"column":27}},"92":{"start":{"line":93,"column":0},"end":{"line":93,"column":2}}},"s":{"1":0,"2":0,"3":0,"4":0,"5":0,"6":0,"7":0,"8":0,"9":0,"10":0,"11":0,"13":0,"14":0,"15":0,"16":0,"17":0,"18":0,"19":0,"20":0,"21":0,"22":0,"23":0,"24":0,"25":0,"26":0,"27":0,"28":0,"29":0,"30":0,"31":0,"32":0,"33":0,"34":0,"35":0,"36":0,"37":0,"38":0,"39":0,"40":0,"41":0,"45":0,"47":0,"49":0,"51":0,"52":0,"53":0,"54":0,"55":0,"56":0,"57":0,"58":0,"59":0,"60":0,"61":0,"62":0,"63":0,"65":0,"67":0,"68":0,"69":0,"71":0,"72":0,"73":0,"75":0,"76":0,"77":0,"78":0,"79":0,"81":0,"82":0,"83":0,"84":0,"85":0,"86":0,"88":0,"89":0,"90":0,"91":0,"92":0},"branchMap":{"0":{"type":"branch","line":1,"loc":{"start":{"line":1,"column":4037},"end":{"line":94,"column":9}},"locations":[{"start":{"line":1,"column":4037},"end":{"line":94,"column":9}}]}},"b":{"0":[1]},"fnMap":{"0":{"name":"(empty-report)","decl":{"start":{"line":1,"column":4037},"end":{"line":94,"column":9}},"loc":{"start":{"line":1,"column":4037},"end":{"line":94,"column":9}},"line":1}},"f":{"0":1}}
,"/home/runner/work/nuxt-memo-app/nuxt-memo-app/components/random/QuestionCard.vue": {"path":"/home/runner/work/nuxt-memo-app/nuxt-memo-app/components/random/QuestionCard.vue","all":true,"statementMap":{"1":{"start":{"line":2,"column":0},"end":{"line":2,"column":6}},"2":{"start":{"line":3,"column":0},"end":{"line":3,"column":148}},"3":{"start":{"line":4,"column":0},"end":{"line":4,"column":46}},"4":{"start":{"line":5,"column":0},"end":{"line":5,"column":96}},"5":{"start":{"line":6,"column":0},"end":{"line":6,"column":72}},"6":{"start":{"line":7,"column":0},"end":{"line":7,"column":10}},"8":{"start":{"line":9,"column":0},"end":{"line":9,"column":46}},"9":{"start":{"line":10,"column":0},"end":{"line":10,"column":61}},"10":{"start":{"line":11,"column":0},"end":{"line":11,"column":155}},"11":{"start":{"line":12,"column":0},"end":{"line":12,"column":32}},"12":{"start":{"line":13,"column":0},"end":{"line":13,"column":169}},"14":{"start":{"line":15,"column":0},"end":{"line":15,"column":15}},"15":{"start":{"line":16,"column":0},"end":{"line":16,"column":10}},"17":{"start":{"line":18,"column":0},"end":{"line":18,"column":45}},"18":{"start":{"line":19,"column":0},"end":{"line":19,"column":94}},"19":{"start":{"line":20,"column":0},"end":{"line":20,"column":20}},"20":{"start":{"line":21,"column":0},"end":{"line":21,"column":13}},"21":{"start":{"line":22,"column":0},"end":{"line":22,"column":10}},"23":{"start":{"line":24,"column":0},"end":{"line":24,"column":29}},"24":{"start":{"line":25,"column":0},"end":{"line":25,"column":134}},"26":{"start":{"line":27,"column":0},"end":{"line":27,"column":13}},"27":{"start":{"line":28,"column":0},"end":{"line":28,"column":48}},"28":{"start":{"line":29,"column":0},"end":{"line":29,"column":105}},"29":{"start":{"line":30,"column":0},"end":{"line":30,"column":102}},"30":{"start":{"line":31,"column":0},"end":{"line":31,"column":10}},"31":{"start":{"line":32,"column":0},"end":{"line":32,"column":8}},"35":{"start":{"line":36,"column":0},"end":{"line":36,"column":39}},"39":{"start":{"line":40,"column":0},"end":{"line":40,"column":27}},"47":{"start":{"line":48,"column":0},"end":{"line":48,"column":26}},"54":{"start":{"line":55,"column":0},"end":{"line":55,"column":56}},"55":{"start":{"line":56,"column":0},"end":{"line":56,"column":6}},"56":{"start":{"line":57,"column":0},"end":{"line":57,"column":26}},"57":{"start":{"line":58,"column":0},"end":{"line":58,"column":12}},"58":{"start":{"line":59,"column":0},"end":{"line":59,"column":30}},"59":{"start":{"line":60,"column":0},"end":{"line":60,"column":3}},"60":{"start":{"line":61,"column":0},"end":{"line":61,"column":1}},"62":{"start":{"line":63,"column":0},"end":{"line":63,"column":22}},"63":{"start":{"line":64,"column":0},"end":{"line":64,"column":15}},"64":{"start":{"line":65,"column":0},"end":{"line":65,"column":1}},"66":{"start":{"line":67,"column":0},"end":{"line":67,"column":21}},"67":{"start":{"line":68,"column":0},"end":{"line":68,"column":14}},"68":{"start":{"line":69,"column":0},"end":{"line":69,"column":26}},"69":{"start":{"line":70,"column":0},"end":{"line":70,"column":1}}},"s":{"1":0,"2":0,"3":0,"4":0,"5":0,"6":0,"8":0,"9":0,"10":0,"11":0,"12":0,"14":0,"15":0,"17":0,"18":0,"19":0,"20":0,"21":0,"23":0,"24":0,"26":0,"27":0,"28":0,"29":0,"30":0,"31":0,"35":0,"39":0,"47":0,"54":0,"55":0,"56":0,"57":0,"58":0,"59":0,"60":0,"62":0,"63":0,"64":0,"66":0,"67":0,"68":0,"69":0},"branchMap":{"0":{"type":"branch","line":1,"loc":{"start":{"line":1,"column":2293},"end":{"line":71,"column":9}},"locations":[{"start":{"line":1,"column":2293},"end":{"line":71,"column":9}}]}},"b":{"0":[1]},"fnMap":{"0":{"name":"(empty-report)","decl":{"start":{"line":1,"column":2293},"end":{"line":71,"column":9}},"loc":{"start":{"line":1,"column":2293},"end":{"line":71,"column":9}},"line":1}},"f":{"0":1}}
,"/home/runner/work/nuxt-memo-app/nuxt-memo-app/components/random/RandomCalc.vue": {"path":"/home/runner/work/nuxt-memo-app/nuxt-memo-app/components/random/RandomCalc.vue","all":true,"statementMap":{"2":{"start":{"line":3,"column":0},"end":{"line":3,"column":8}},"3":{"start":{"line":4,"column":0},"end":{"line":4,"column":153}},"4":{"start":{"line":5,"column":0},"end":{"line":5,"column":115}},"5":{"start":{"line":6,"column":0},"end":{"line":6,"column":101}},"7":{"start":{"line":8,"column":0},"end":{"line":8,"column":65}},"8":{"start":{"line":9,"column":0},"end":{"line":9,"column":107}},"9":{"start":{"line":10,"column":0},"end":{"line":10,"column":163}},"10":{"start":{"line":11,"column":0},"end":{"line":11,"column":40}},"11":{"start":{"line":12,"column":0},"end":{"line":12,"column":177}},"13":{"start":{"line":14,"column":0},"end":{"line":14,"column":21}},"14":{"start":{"line":15,"column":0},"end":{"line":15,"column":14}},"16":{"start":{"line":17,"column":0},"end":{"line":17,"column":62}},"17":{"start":{"line":18,"column":0},"end":{"line":18,"column":109}},"18":{"start":{"line":19,"column":0},"end":{"line":19,"column":30}},"19":{"start":{"line":20,"column":0},"end":{"line":20,"column":19}},"20":{"start":{"line":21,"column":0},"end":{"line":21,"column":14}},"22":{"start":{"line":23,"column":0},"end":{"line":23,"column":37}},"23":{"start":{"line":24,"column":0},"end":{"line":24,"column":140}},"25":{"start":{"line":26,"column":0},"end":{"line":26,"column":17}},"26":{"start":{"line":27,"column":0},"end":{"line":27,"column":52}},"27":{"start":{"line":28,"column":0},"end":{"line":28,"column":111}},"28":{"start":{"line":29,"column":0},"end":{"line":29,"column":108}},"29":{"start":{"line":30,"column":0},"end":{"line":30,"column":14}},"30":{"start":{"line":31,"column":0},"end":{"line":31,"column":10}},"34":{"start":{"line":35,"column":0},"end":{"line":35,"column":46}},"36":{"start":{"line":37,"column":0},"end":{"line":37,"column":31}},"37":{"start":{"line":38,"column":0},"end":{"line":38,"column":31}},"38":{"start":{"line":39,"column":0},"end":{"line":39,"column":48}},"39":{"start":{"line":40,"column":0},"end":{"line":40,"column":43}},"40":{"start":{"line":41,"column":0},"end":{"line":41,"column":32}},"41":{"start":{"line":42,"column":0},"end":{"line":42,"column":37}},"42":{"start":{"line":43,"column":0},"end":{"line":43,"column":36}},"43":{"start":{"line":44,"column":0},"end":{"line":44,"column":34}},"46":{"start":{"line":47,"column":0},"end":{"line":47,"column":47}},"49":{"start":{"line":50,"column":0},"end":{"line":50,"column":37}},"50":{"start":{"line":51,"column":0},"end":{"line":51,"column":70}},"51":{"start":{"line":52,"column":0},"end":{"line":52,"column":2}},"54":{"start":{"line":55,"column":0},"end":{"line":55,"column":35}},"56":{"start":{"line":57,"column":0},"end":{"line":57,"column":55}},"57":{"start":{"line":58,"column":0},"end":{"line":58,"column":55}},"58":{"start":{"line":59,"column":0},"end":{"line":59,"column":76}},"60":{"start":{"line":61,"column":0},"end":{"line":61,"column":33}},"62":{"start":{"line":63,"column":0},"end":{"line":63,"column":59}},"63":{"start":{"line":64,"column":0},"end":{"line":64,"column":78}},"64":{"start":{"line":65,"column":0},"end":{"line":65,"column":5}},"66":{"start":{"line":67,"column":0},"end":{"line":67,"column":27}},"67":{"start":{"line":68,"column":0},"end":{"line":68,"column":23}},"68":{"start":{"line":69,"column":0},"end":{"line":69,"column":27}},"69":{"start":{"line":70,"column":0},"end":{"line":70,"column":1}},"71":{"start":{"line":72,"column":0},"end":{"line":72,"column":24}},
[...]
,"/home/runner/work/nuxt-memo-app/nuxt-memo-app/composables/utils/sqlKeywordMatcher.ts": {"path":"/home/runner/work/nuxt-memo-app/nuxt-memo-app/composables/utils/sqlKeywordMatcher.ts","all":true,"statementMap":{"0":{"start":{"line":1,"column":0},"end":{"line":1,"column":76}},"1":{"start":{"line":2,"column":0},"end":{"line":2,"column":39}},"2":{"start":{"line":3,"column":0},"end":{"line":3,"column":45}},"4":{"start":{"line":5,"column":0},"end":{"line":5,"column":60}},"5":{"start":{"line":6,"column":0},"end":{"line":6,"column":16}},"6":{"start":{"line":7,"column":0},"end":{"line":7,"column":3}},"8":{"start":{"line":9,"column":0},"end":{"line":9,"column":25}},"9":{"start":{"line":10,"column":0},"end":{"line":10,"column":18}},"10":{"start":{"line":11,"column":0},"end":{"line":11,"column":66}},"11":{"start":{"line":12,"column":0},"end":{"line":12,"column":18}},"12":{"start":{"line":13,"column":0},"end":{"line":13,"column":66}},"13":{"start":{"line":14,"column":0},"end":{"line":14,"column":18}},"14":{"start":{"line":15,"column":0},"end":{"line":15,"column":66}},"15":{"start":{"line":16,"column":0},"end":{"line":16,"column":18}},"16":{"start":{"line":17,"column":0},"end":{"line":17,"column":38}},"17":{"start":{"line":18,"column":0},"end":{"line":18,"column":16}},"18":{"start":{"line":19,"column":0},"end":{"line":19,"column":14}},"19":{"start":{"line":20,"column":0},"end":{"line":20,"column":35}},"20":{"start":{"line":21,"column":0},"end":{"line":21,"column":43}},"21":{"start":{"line":22,"column":0},"end":{"line":22,"column":39}},"23":{"start":{"line":24,"column":0},"end":{"line":24,"column":17}},"24":{"start":{"line":25,"column":0},"end":{"line":25,"column":68}},"25":{"start":{"line":26,"column":0},"end":{"line":26,"column":19}},"26":{"start":{"line":27,"column":0},"end":{"line":27,"column":14}},"27":{"start":{"line":28,"column":0},"end":{"line":28,"column":41}},"28":{"start":{"line":29,"column":0},"end":{"line":29,"column":38}},"29":{"start":{"line":30,"column":0},"end":{"line":30,"column":37}},"30":{"start":{"line":31,"column":0},"end":{"line":31,"column":32}},"32":{"start":{"line":33,"column":0},"end":{"line":33,"column":19}},"33":{"start":{"line":34,"column":0},"end":{"line":34,"column":14}},"34":{"start":{"line":35,"column":0},"end":{"line":35,"column":41}},"35":{"start":{"line":36,"column":0},"end":{"line":36,"column":38}},"36":{"start":{"line":37,"column":0},"end":{"line":37,"column":37}},"37":{"start":{"line":38,"column":0},"end":{"line":38,"column":33}},"39":{"start":{"line":40,"column":0},"end":{"line":40,"column":17}},"40":{"start":{"line":41,"column":0},"end":{"line":41,"column":67}},"41":{"start":{"line":42,"column":0},"end":{"line":42,"column":15}},"42":{"start":{"line":43,"column":0},"end":{"line":43,"column":66}},"43":{"start":{"line":44,"column":0},"end":{"line":44,"column":12}},"44":{"start":{"line":45,"column":0},"end":{"line":45,"column":19}},"45":{"start":{"line":46,"column":0},"end":{"line":46,"column":3}},"46":{"start":{"line":47,"column":0},"end":{"line":47,"column":2}}},"s":{"0":0,"1":0,"2":0,"4":0,"5":0,"6":0,"8":0,"9":0,"10":0,"11":0,"12":0,"13":0,"14":0,"15":0,"16":0,"17":0,"18":0,"19":0,"20":0,"21":0,"23":0,"24":0,"25":0,"26":0,"27":0,"28":0,"29":0,"30":0,"32":0,"33":0,"34":0,"35":0,"36":0,"37":0,"39":0,"40":0,"41":0,"42":0,"43":0,"44":0,"45":0,"46":0},"branchMap":{"0":{"type":"branch","line":1,"loc":{"start":{"line":1,"column":1438},"end":{"line":47,"column":2}},"locations":[{"start":{"line":1,"column":1438},"end":{"line":47,"column":2}}]}},"b":{"0":[0]},"fnMap":{"0":{"name":"(empty-report)","decl":{"start":{"line":1,"column":1438},"end":{"line":47,"column":2}},"loc":{"start":{"line":1,"column":1438},"end":{"line":47,"column":2}},"line":1}},"f":{"0":0}}
,"/home/runner/work/nuxt-memo-app/nuxt-memo-app/middleware/auth.global.ts": {"path":"/home/runner/work/nuxt-memo-app/nuxt-memo-app/middleware/auth.global.ts","all":false,"statementMap":{"2":{"start":{"line":3,"column":0},"end":{"line":3,"column":48}},"4":{"start":{"line":5,"column":0},"end":{"line":5,"column":56}},"5":{"start":{"line":6,"column":0},"end":{"line":6,"column":37}},"8":{"start":{"line":9,"column":0},"end":{"line":9,"column":61}},"9":{"start":{"line":10,"column":0},"end":{"line":10,"column":36}},"10":{"start":{"line":11,"column":0},"end":{"line":11,"column":5}},"11":{"start":{"line":12,"column":0},"end":{"line":12,"column":3}}},"s":{"2":1,"4":1,"5":10,"8":10,"9":0,"10":0,"11":10},"branchMap":{"0":{"type":"branch","line":5,"loc":{"start":{"line":5,"column":41},"end":{"line":12,"column":3}},"locations":[{"start":{"line":5,"column":41},"end":{"line":12,"column":3}}]},"1":{"type":"branch","line":9,"loc":{"start":{"line":9,"column":60},"end":{"line":11,"column":5}},"locations":[{"start":{"line":9,"column":60},"end":{"line":11,"column":5}}]}},"b":{"0":[10],"1":[0]},"fnMap":{},"f":{}}
,"/home/runner/work/nuxt-memo-app/nuxt-memo-app/pages/index.vue": {"path":"/home/runner/work/nuxt-memo-app/nuxt-memo-app/pages/index.vue","all":false,"statementMap":{},"s":{},"branchMap":{},"b":{},"fnMap":{},"f":{}}
,"/home/runner/work/nuxt-memo-app/nuxt-memo-app/pages/janken.vue": {"path":"/home/runner/work/nuxt-memo-app/nuxt-memo-app/pages/janken.vue","all":false,"statementMap":{},"s":{},"branchMap":{},"b":{},"fnMap":{},"f":{}}
,"/home/runner/work/nuxt-memo-app/nuxt-memo-app/pages/login.vue": {"path":"/home/runner/work/nuxt-memo-app/nuxt-memo-app/pages/login.vue","all":false,"statementMap":{},"s":{},"branchMap":{},"b":{},"fnMap":{},"f":{}}
,"/home/runner/work/nuxt-memo-app/nuxt-memo-app/pages/quiz.vue": {"path":"/home/runner/work/nuxt-memo-app/nuxt-memo-app/pages/quiz.vue","all":false,"statementMap":{},"s":{},"branchMap":{},"b":{},"fnMap":{},"f":{}}
,"/home/runner/work/nuxt-memo-app/nuxt-memo-app/pages/sql/[[id]].vue": {"path":"/home/runner/work/nuxt-memo-app/nuxt-memo-app/pages/sql/[[id]].vue","all":false,"statementMap":{},"s":{},"branchMap":{},"b":{},"fnMap":{},"f":{}}
,"/home/runner/work/nuxt-memo-app/nuxt-memo-app/pages/sql/allTables.vue": {"path":"/home/runner/work/nuxt-memo-app/nuxt-memo-app/pages/sql/allTables.vue","all":false,"statementMap":{},"s":{},"branchMap":{},"b":{},"fnMap":{},"f":{}}
,"/home/runner/work/nuxt-memo-app/nuxt-memo-app/pages/sql/explanation/[sqlKeyword].vue": {"path":"/home/runner/work/nuxt-memo-app/nuxt-memo-app/pages/sql/explanation/[sqlKeyword].vue","all":false,"statementMap":{},"s":{},"branchMap":{},"b":{},"fnMap":{},"f":{}}
,"/home/runner/work/nuxt-memo-app/nuxt-memo-app/pages/sql/explanation/index.vue": {"path":"/home/runner/work/nuxt-memo-app/nuxt-memo-app/pages/sql/explanation/index.vue","all":false,"statementMap":{},"s":{},"branchMap":{},"b":{},"fnMap":{},"f":{}}
,"/home/runner/work/nuxt-memo-app/nuxt-memo-app/plugins/alasql.ts": {"path":"/home/runner/work/nuxt-memo-app/nuxt-memo-app/plugins/alasql.ts","all":false,"statementMap":{"0":{"start":{"line":1,"column":0},"end":{"line":1,"column":39}},"1":{"start":{"line":2,"column":0},"end":{"line":2,"column":27}},"2":{"start":{"line":3,"column":0},"end":{"line":3,"column":45}},"4":{"start":{"line":5,"column":0},"end":{"line":5,"column":46}},"6":{"start":{"line":7,"column":0},"end":{"line":7,"column":35}},"7":{"start":{"line":8,"column":0},"end":{"line":8,"column":53}},"8":{"start":{"line":9,"column":0},"end":{"line":9,"column":5}},"10":{"start":{"line":11,"column":0},"end":{"line":11,"column":34}},"12":{"start":{"line":13,"column":0},"end":{"line":13,"column":56}},"14":{"start":{"line":15,"column":0},"end":{"line":15,"column":76}},"15":{"start":{"line":16,"column":0},"end":{"line":16,"column":60}},"17":{"start":{"line":18,"column":0},"end":{"line":18,"column":60}},"18":{"start":{"line":19,"column":0},"end":{"line":19,"column":55}},"19":{"start":{"line":20,"column":0},"end":{"line":20,"column":104}},"20":{"start":{"line":21,"column":0},"end":{"line":21,"column":77}},"21":{"start":{"line":22,"column":0},"end":{"line":22,"column":14}},"22":{"start":{"line":23,"column":0},"end":{"line":23,"column":9}},"23":{"start":{"line":24,"column":0},"end":{"line":24,"column":6}},"25":{"start":{"line":26,"column":0},"end":{"line":26,"column":37}},"26":{"start":{"line":27,"column":0},"end":{"line":27,"column":2}}},"s":{"0":1,"1":1,"2":1,"4":1,"6":10,"7":10,"8":10,"10":10,"12":40,"14":40,"15":40,"17":40,"18":310,"19":310,"20":310,"21":40,"22":40,"23":10,"25":10,"26":10},"branchMap":{"0":{"type":"branch","line":5,"loc":{"start":{"line":5,"column":32},"end":{"line":27,"column":2}},"locations":[{"start":{"line":5,"column":32},"end":{"line":27,"column":2}}]},"1":{"type":"branch","line":11,"loc":{"start":{"line":11,"column":19},"end":{"line":24,"column":5}},"locations":[{"start":{"line":11,"column":19},"end":{"line":24,"column":5}}]},"2":{"type":"branch","line":15,"loc":{"start":{"line":15,"column":44},"end":{"line":15,"column":65}},"locations":[{"start":{"line":15,"column":44},"end":{"line":15,"column":65}}]},"3":{"type":"branch","line":18,"loc":{"start":{"line":18,"column":29},"end":{"line":22,"column":13}},"locations":[{"start":{"line":18,"column":29},"end":{"line":22,"column":13}}]},"4":{"type":"branch","line":20,"loc":{"start":{"line":20,"column":52},"end":{"line":20,"column":93}},"locations":[{"start":{"line":20,"column":52},"end":{"line":20,"column":93}}]},"5":{"type":"branch","line":20,"loc":{"start":{"line":20,"column":70},"end":{"line":20,"column":92}},"locations":[{"start":{"line":20,"column":70},"end":{"line":20,"column":92}}]},"6":{"type":"branch","line":20,"loc":{"start":{"line":20,"column":86},"end":{"line":20,"column":93}},"locations":[{"start":{"line":20,"column":86},"end":{"line":20,"column":93}}]}},"b":{"0":[10],"1":[40],"2":[120],"3":[310],"4":[930],"5":[230],"6":[700]},"fnMap":{},"f":{}}
,"/home/runner/work/nuxt-memo-app/nuxt-memo-app/plugins/global-css.ts": {"path":"/home/runner/work/nuxt-memo-app/nuxt-memo-app/plugins/global-css.ts","all":false,"statementMap":{"0":{"start":{"line":1,"column":0},"end":{"line":1,"column":27}},"2":{"start":{"line":3,"column":0},"end":{"line":3,"column":42}}},"s":{"0":1,"2":1},"branchMap":{"0":{"type":"branch","line":3,"loc":{"start":{"line":3,"column":32},"end":{"line":3,"column":42}},"locations":[{"start":{"line":3,"column":32},"end":{"line":3,"column":42}}]}},"b":{"0":[10]},"fnMap":{},"f":{}}
,"/home/runner/work/nuxt-memo-app/nuxt-memo-app/server/api/login.post.ts": {"path":"/home/runner/work/nuxt-memo-app/nuxt-memo-app/server/api/login.post.ts","all":true,"statementMap":{"1":{"start":{"line":2,"column":0},"end":{"line":2,"column":61}},"3":{"start":{"line":4,"column":0},"end":{"line":4,"column":52}},"4":{"start":{"line":5,"column":0},"end":{"line":5,"column":91}},"7":{"start":{"line":8,"column":0},"end":{"line":8,"column":69}},"8":{"start":{"line":9,"column":0},"end":{"line":9,"column":58}},"10":{"start":{"line":11,"column":0},"end":{"line":11,"column":51}},"11":{"start":{"line":12,"column":0},"end":{"line":12,"column":27}},"12":{"start":{"line":13,"column":0},"end":{"line":13,"column":58}},"13":{"start":{"line":14,"column":0},"end":{"line":14,"column":43}},"14":{"start":{"line":15,"column":0},"end":{"line":15,"column":21}},"15":{"start":{"line":16,"column":0},"end":{"line":16,"column":11}},"16":{"start":{"line":17,"column":0},"end":{"line":17,"column":36}},"17":{"start":{"line":18,"column":0},"end":{"line":18,"column":5}},"19":{"start":{"line":20,"column":0},"end":{"line":20,"column":31}},"20":{"start":{"line":21,"column":0},"end":{"line":21,"column":47}},"21":{"start":{"line":22,"column":0},"end":{"line":22,"column":3}}},"s":{"1":0,"3":0,"4":0,"7":0,"8":0,"10":0,"11":0,"12":0,"13":0,"14":0,"15":0,"16":0,"17":0,"19":0,"20":0,"21":0},"branchMap":{"0":{"type":"branch","line":1,"loc":{"start":{"line":1,"column":788},"end":{"line":22,"column":3}},"locations":[{"start":{"line":1,"column":788},"end":{"line":22,"column":3}}]}},"b":{"0":[1]},"fnMap":{"0":{"name":"(empty-report)","decl":{"start":{"line":1,"column":788},"end":{"line":22,"column":3}},"loc":{"start":{"line":1,"column":788},"end":{"line":22,"column":3}},"line":1}},"f":{"0":1}}
,"/home/runner/work/nuxt-memo-app/nuxt-memo-app/server/api/openai.post.ts": {"path":"/home/runner/work/nuxt-memo-app/nuxt-memo-app/server/api/openai.post.ts","all":true,"statementMap":{"1":{"start":{"line":2,"column":0},"end":{"line":2,"column":49}},"3":{"start":{"line":4,"column":0},"end":{"line":4,"column":52}},"4":{"start":{"line":5,"column":0},"end":{"line":5,"column":76}},"5":{"start":{"line":6,"column":0},"end":{"line":6,"column":37}},"7":{"start":{"line":8,"column":0},"end":{"line":8,"column":34}},"8":{"start":{"line":9,"column":0},"end":{"line":9,"column":42}},"11":{"start":{"line":12,"column":0},"end":{"line":12,"column":50}},"12":{"start":{"line":13,"column":0},"end":{"line":13,"column":48}},"13":{"start":{"line":14,"column":0},"end":{"line":14,"column":5}},"15":{"start":{"line":16,"column":0},"end":{"line":16,"column":9}},"17":{"start":{"line":18,"column":0},"end":{"line":18,"column":97}},"20":{"start":{"line":21,"column":0},"end":{"line":21,"column":66}},"21":{"start":{"line":22,"column":0},"end":{"line":22,"column":27}},"22":{"start":{"line":23,"column":0},"end":{"line":23,"column":27}},"23":{"start":{"line":24,"column":0},"end":{"line":24,"column":28}},"24":{"start":{"line":25,"column":0},"end":{"line":25,"column":9}},"27":{"start":{"line":28,"column":0},"end":{"line":28,"column":35}},"29":{"start":{"line":30,"column":0},"end":{"line":30,"column":51}},"30":{"start":{"line":31,"column":0},"end":{"line":31,"column":66}},"31":{"start":{"line":32,"column":0},"end":{"line":32,"column":16}},"32":{"start":{"line":33,"column":0},"end":{"line":33,"column":64}},"33":{"start":{"line":34,"column":0},"end":{"line":34,"column":16}},"34":{"start":{"line":35,"column":0},"end":{"line":35,"column":82}},"35":{"start":{"line":36,"column":0},"end":{"line":36,"column":14}},"36":{"start":{"line":37,"column":0},"end":{"line":37,"column":81}},"37":{"start":{"line":38,"column":0},"end":{"line":38,"column":50}},"38":{"start":{"line":39,"column":0},"end":{"line":39,"column":9}},"41":{"start":{"line":42,"column":0},"end":{"line":42,"column":45}},"47":{"start":{"line":48,"column":0},"end":{"line":48,"column":90}},"48":{"start":{"line":49,"column":0},"end":{"line":49,"column":27}},"49":{"start":{"line":50,"column":0},"end":{"line":50,"column":22}},"50":{"start":{"line":51,"column":0},"end":{"line":51,"column":51}},"51":{"start":{"line":52,"column":0},"end":{"line":52,"column":63}},"52":{"start":{"line":53,"column":0},"end":{"line":53,"column":14}},"53":{"start":{"line":54,"column":0},"end":{"line":54,"column":19}},"54":{"start":{"line":55,"column":0},"end":{"line":55,"column":37}},"55":{"start":{"line":56,"column":0},"end":{"line":56,"column":27}},"56":{"start":{"line":57,"column":0},"end":{"line":57,"column":62}},"57":{"start":{"line":58,"column":0},"end":{"line":58,"column":54}},"58":{"start":{"line":59,"column":0},"end":{"line":59,"column":18}},"59":{"start":{"line":60,"column":0},"end":{"line":60,"column":32}},"60":{"start":{"line":61,"column":0},"end":{"line":61,"column":33}},"61":{"start":{"line":62,"column":0},"end":{"line":62,"column":13}},"62":{"start":{"line":63,"column":0},"end":{"line":63,"column":10}},"65":{"start":{"line":66,"column":0},"end":{"line":66,"column":62}},"66":{"start":{"line":67,"column":0},"end":{"line":67,"column":77}},"68":{"start":{"line":69,"column":0},"end":{"line":69,"column":44}},"69":{"start":{"line":70,"column":0},"end":{"line":70,"column":5}},"70":{"start":{"line":71,"column":0},"end":{"line":71,"column":19}},"71":{"start":{"line":72,"column":0},"end":{"line":72,"column":63}},"72":{"start":{"line":73,"column":0},"end":{"line":73,"column":64}},"73":{"start":{"line":74,"column":0},"end":{"line":74,"column":5}},"74":{"start":{"line":75,"column":0},"end":{"line":75,"column":2}},"76":{"start":{"line":77,"column":0},"end":{"line":77,"column":52}},"78":{"start":{"line":79,"column":0},"end":{"line":79,"column":41}},"79":{"start":{"line":80,"column":0},"end":{"line":80,"column":20}},"80":{"start":{"line":81,"column":0},"end":{"line":81,"column":5}},"83":{"start":{"line":84,"column":0},"end":{"line":84,"column":31}},"84":{"start":{"line":85,"column":0},"end":{"line":85,"column":44}},"85":{"start":{"line":86,"column":0},"end":{"line":86,"column":31}},"86":{"start":{"line":87,"column":0},"end":{"line":87,"column":22}},"87":{"start":{"line":88,"column":0},"end":{"line":88,"column":25}},"88":{"start":{"line":89,"column":0},"end":{"line":89,"column":27}},"89":{"start":{"line":90,"column":0},"end":{"line":90,"column":20}},"90":{"start":{"line":91,"column":0},"end":{"line":91,"column":29}},"91":{"start":{"line":92,"column":0},"end":{"line":92,"column":17}},"92":{"start":{"line":93,"column":0},"end":{"line":93,"column":21}},"93":{"start":{"line":94,"column":0},"end":{"line":94,"column":17}},"94":{"start":{"line":95,"column":0},"end":{"line":95,"column":16}},"95":{"start":{"line":96,"column":0},"end":{"line":96,"column":5}},"97":{"start":{"line":98,"column":0},"end":{"line":98,"column":66}},"98":{"start":{"line":99,"column":0},"end":{"line":99,"column":20}},"99":{"start":{"line":100,"column":0},"end":{"line":100,"column":5}},"102":{"start":{"line":103,"column":0},"end":{"line":103,"column":28}},"103":{"start":{"line":104,"column":0},"end":{"line":104,"column":48}},"104":{"start":{"line":105,"column":0},"end":{"line":105,"column":57}},"105":{"start":{"line":106,"column":0},"end":{"line":106,"column":59}},"106":{"start":{"line":107,"column":0},"end":{"line":107,"column":5}},"108":{"start":{"line":109,"column":0},"end":{"line":109,"column":65}},"109":{"start":{"line":110,"column":0},"end":{"line":110,"column":19}},"110":{"start":{"line":111,"column":0},"end":{"line":111,"column":5}},"113":{"start":{"line":114,"column":0},"end":{"line":114,"column":25}},"114":{"start":{"line":115,"column":0},"end":{"line":115,"column":81}},"115":{"start":{"line":116,"column":0},"end":{"line":116,"column":78}},"116":{"start":{"line":117,"column":0},"end":{"line":117,"column":58}},"117":{"start":{"line":118,"column":0},"end":{"line":118,"column":30}},"118":{"start":{"line":119,"column":0},"end":{"line":119,"column":5}},"120":{"start":{"line":121,"column":0},"end":{"line":121,"column":51}},"121":{"start":{"line":122,"column":0},"end":{"line":122,"column":60}},"122":{"start":{"line":123,"column":0},"end":{"line":123,"column":5}},"124":{"start":{"line":125,"column":0},"end":{"line":125,"column":21}},"125":{"start":{"line":126,"column":0},"end":{"line":126,"column":1}}},"s":{"1":0,"3":0,"4":0,"5":0,"7":0,"8":0,"11":0,"12":0,"13":0,"15":0,"17":0,"20":0,"21":0,"22":0,"23":0,"24":0,"27":0,"29":0,"30":0,"31":0,"32":0,"33":0,"34":0,"35":0,"36":0,"37":0,"38":0,"41":0,"47":0,"48":0,"49":0,"50":0,"51":0,"52":0,"53":0,"54":0,"55":0,"56":0,"57":0,"58":0,"59":0,"60":0,"61":0,"62":0,"65":0,"66":0,"68":0,"69":0,"70":0,"71":0,"72":0,"73":0,"74":0,"76":0,"78":0,"79":0,"80":0,"83":0,"84":0,"85":0,"86":0,"87":0,"88":0,"89":0,"90":0,"91":0,"92":0,"93":0,"94":0,"95":0,"97":0,"98":0,"99":0,"102":0,"103":0,"104":0,"105":0,"106":0,"108":0,"109":0,"110":0,"113":0,"114":0,"115":0,"116":0,"117":0,"118":0,"120":0,"121":0,"122":0,"124":0,"125":0},"branchMap":{"0":{"type":"branch","line":1,"loc":{"start":{"line":1,"column":4170},"end":{"line":126,"column":1}},"locations":[{"start":{"line":1,"column":4170},"end":{"line":126,"column":1}}]}},"b":{"0":[1]},"fnMap":{"0":{"name":"(empty-report)","decl":{"start":{"line":1,"column":4170},"end":{"line":126,"column":1}},"loc":{"start":{"line":1,"column":4170},"end":{"line":126,"column":1}},"line":1}},"f":{"0":1}}
}
